[0.413s] Invoking command in '/home/intzeme/turtlebot3_ws/build/turtlebot3_example': CMAKE_PREFIX_PATH=/home/intzeme/turtlebot3_ws/install/turtlebot3_msgs:/home/intzeme/turtlebot3_ws/install/turtlebot3:/home/intzeme/turtlebot3_ws/install/turtlebot3_bringup:/home/intzeme/turtlebot3_ws/install/turtlebot3_node:/home/intzeme/turtlebot3_ws/install/turtlebot3_navigation2:/home/intzeme/turtlebot3_ws/install/turtlebot3_description:/home/intzeme/turtlebot3_ws/install/turtlebot3_cartographer:/home/intzeme/turtlebot3_ws/install/dynamixel_sdk_examples:/home/intzeme/turtlebot3_ws/install/dynamixel_sdk_custom_interfaces:/home/intzeme/turtlebot3_ws/install/dynamixel_sdk LD_LIBRARY_PATH=/home/intzeme/turtlebot3_ws/install/turtlebot3_msgs/lib:/home/intzeme/turtlebot3_ws/install/dynamixel_sdk_custom_interfaces/lib:/home/intzeme/turtlebot3_ws/install/dynamixel_sdk/lib:/usr/lib/x86_64-linux-gnu/gazebo-11/plugins:/opt/ros/humble/opt/rviz_ogre_vendor/lib:/opt/ros/humble/lib/x86_64-linux-gnu:/opt/ros/humble/lib:/usr/lib/x86_64-linux-gnu/gazebo-11/plugins PYTHONPATH=/home/intzeme/turtlebot3_ws/build/turtlebot3_example/prefix_override:/usr/lib/python3/dist-packages/colcon_core/task/python/colcon_distutils_commands:/home/intzeme/turtlebot3_ws/install/turtlebot3_example/lib/python3.10/site-packages:${PYTHONPATH} /usr/bin/python3 -W ignore:setup.py install is deprecated -W ignore:easy_install command is deprecated setup.py develop --uninstall --editable --build-directory /home/intzeme/turtlebot3_ws/build/turtlebot3_example/build
[0.578s] running develop
[0.669s] Removing /home/intzeme/turtlebot3_ws/install/turtlebot3_example/lib/python3.10/site-packages/turtlebot3-example.egg-link (link to .)
[0.687s] Invoked command in '/home/intzeme/turtlebot3_ws/build/turtlebot3_example' returned '0': CMAKE_PREFIX_PATH=/home/intzeme/turtlebot3_ws/install/turtlebot3_msgs:/home/intzeme/turtlebot3_ws/install/turtlebot3:/home/intzeme/turtlebot3_ws/install/turtlebot3_bringup:/home/intzeme/turtlebot3_ws/install/turtlebot3_node:/home/intzeme/turtlebot3_ws/install/turtlebot3_navigation2:/home/intzeme/turtlebot3_ws/install/turtlebot3_description:/home/intzeme/turtlebot3_ws/install/turtlebot3_cartographer:/home/intzeme/turtlebot3_ws/install/dynamixel_sdk_examples:/home/intzeme/turtlebot3_ws/install/dynamixel_sdk_custom_interfaces:/home/intzeme/turtlebot3_ws/install/dynamixel_sdk LD_LIBRARY_PATH=/home/intzeme/turtlebot3_ws/install/turtlebot3_msgs/lib:/home/intzeme/turtlebot3_ws/install/dynamixel_sdk_custom_interfaces/lib:/home/intzeme/turtlebot3_ws/install/dynamixel_sdk/lib:/usr/lib/x86_64-linux-gnu/gazebo-11/plugins:/opt/ros/humble/opt/rviz_ogre_vendor/lib:/opt/ros/humble/lib/x86_64-linux-gnu:/opt/ros/humble/lib:/usr/lib/x86_64-linux-gnu/gazebo-11/plugins PYTHONPATH=/home/intzeme/turtlebot3_ws/build/turtlebot3_example/prefix_override:/usr/lib/python3/dist-packages/colcon_core/task/python/colcon_distutils_commands:/home/intzeme/turtlebot3_ws/install/turtlebot3_example/lib/python3.10/site-packages:${PYTHONPATH} /usr/bin/python3 -W ignore:setup.py install is deprecated -W ignore:easy_install command is deprecated setup.py develop --uninstall --editable --build-directory /home/intzeme/turtlebot3_ws/build/turtlebot3_example/build
[0.689s] Invoking command in '/home/intzeme/turtlebot3_ws/src/turtlebot3/turtlebot3_example': CMAKE_PREFIX_PATH=/home/intzeme/turtlebot3_ws/install/turtlebot3_msgs:/home/intzeme/turtlebot3_ws/install/turtlebot3:/home/intzeme/turtlebot3_ws/install/turtlebot3_bringup:/home/intzeme/turtlebot3_ws/install/turtlebot3_node:/home/intzeme/turtlebot3_ws/install/turtlebot3_navigation2:/home/intzeme/turtlebot3_ws/install/turtlebot3_description:/home/intzeme/turtlebot3_ws/install/turtlebot3_cartographer:/home/intzeme/turtlebot3_ws/install/dynamixel_sdk_examples:/home/intzeme/turtlebot3_ws/install/dynamixel_sdk_custom_interfaces:/home/intzeme/turtlebot3_ws/install/dynamixel_sdk LD_LIBRARY_PATH=/home/intzeme/turtlebot3_ws/install/turtlebot3_msgs/lib:/home/intzeme/turtlebot3_ws/install/dynamixel_sdk_custom_interfaces/lib:/home/intzeme/turtlebot3_ws/install/dynamixel_sdk/lib:/usr/lib/x86_64-linux-gnu/gazebo-11/plugins:/opt/ros/humble/opt/rviz_ogre_vendor/lib:/opt/ros/humble/lib/x86_64-linux-gnu:/opt/ros/humble/lib:/usr/lib/x86_64-linux-gnu/gazebo-11/plugins PYTHONPATH=/home/intzeme/turtlebot3_ws/build/turtlebot3_example/prefix_override:/usr/lib/python3/dist-packages/colcon_core/task/python/colcon_distutils_commands:/home/intzeme/turtlebot3_ws/install/turtlebot3_example/lib/python3.10/site-packages:${PYTHONPATH} /usr/bin/python3 -W ignore:setup.py install is deprecated -W ignore:easy_install command is deprecated setup.py egg_info --egg-base ../../../build/turtlebot3_example build --build-base /home/intzeme/turtlebot3_ws/build/turtlebot3_example/build install --record /home/intzeme/turtlebot3_ws/build/turtlebot3_example/install.log --single-version-externally-managed install_data --force
[0.840s] running egg_info
[0.840s] writing ../../../build/turtlebot3_example/turtlebot3_example.egg-info/PKG-INFO
[0.840s] writing dependency_links to ../../../build/turtlebot3_example/turtlebot3_example.egg-info/dependency_links.txt
[0.841s] writing entry points to ../../../build/turtlebot3_example/turtlebot3_example.egg-info/entry_points.txt
[0.841s] writing requirements to ../../../build/turtlebot3_example/turtlebot3_example.egg-info/requires.txt
[0.841s] writing top-level names to ../../../build/turtlebot3_example/turtlebot3_example.egg-info/top_level.txt
[0.842s] reading manifest file '../../../build/turtlebot3_example/turtlebot3_example.egg-info/SOURCES.txt'
[0.845s] writing manifest file '../../../build/turtlebot3_example/turtlebot3_example.egg-info/SOURCES.txt'
[0.845s] running build
[0.845s] running build_py
[0.845s] creating /home/intzeme/turtlebot3_ws/build/turtlebot3_example/build
[0.845s] creating /home/intzeme/turtlebot3_ws/build/turtlebot3_example/build/lib
[0.845s] creating /home/intzeme/turtlebot3_ws/build/turtlebot3_example/build/lib/turtlebot3_example
[0.845s] copying turtlebot3_example/__init__.py -> /home/intzeme/turtlebot3_ws/build/turtlebot3_example/build/lib/turtlebot3_example
[0.845s] creating /home/intzeme/turtlebot3_ws/build/turtlebot3_example/build/lib/turtlebot3_example/turtlebot3_relative_move
[0.845s] copying turtlebot3_example/turtlebot3_relative_move/__init__.py -> /home/intzeme/turtlebot3_ws/build/turtlebot3_example/build/lib/turtlebot3_example/turtlebot3_relative_move
[0.845s] copying turtlebot3_example/turtlebot3_relative_move/turtlebot3_relative_move.py -> /home/intzeme/turtlebot3_ws/build/turtlebot3_example/build/lib/turtlebot3_example/turtlebot3_relative_move
[0.846s] creating /home/intzeme/turtlebot3_ws/build/turtlebot3_example/build/lib/turtlebot3_example/turtlebot3_patrol
[0.846s] copying turtlebot3_example/turtlebot3_patrol/__init__.py -> /home/intzeme/turtlebot3_ws/build/turtlebot3_example/build/lib/turtlebot3_example/turtlebot3_patrol
[0.846s] copying turtlebot3_example/turtlebot3_patrol/turtlebot3_patrol_server.py -> /home/intzeme/turtlebot3_ws/build/turtlebot3_example/build/lib/turtlebot3_example/turtlebot3_patrol
[0.848s] copying turtlebot3_example/turtlebot3_patrol/turtlebot3_patrol_client.py -> /home/intzeme/turtlebot3_ws/build/turtlebot3_example/build/lib/turtlebot3_example/turtlebot3_patrol
[0.850s] creating /home/intzeme/turtlebot3_ws/build/turtlebot3_example/build/lib/turtlebot3_example/turtlebot3_interactive_marker
[0.850s] copying turtlebot3_example/turtlebot3_interactive_marker/__init__.py -> /home/intzeme/turtlebot3_ws/build/turtlebot3_example/build/lib/turtlebot3_example/turtlebot3_interactive_marker
[0.850s] copying turtlebot3_example/turtlebot3_interactive_marker/turtlebot3_interactive_marker.py -> /home/intzeme/turtlebot3_ws/build/turtlebot3_example/build/lib/turtlebot3_example/turtlebot3_interactive_marker
[0.852s] creating /home/intzeme/turtlebot3_ws/build/turtlebot3_example/build/lib/turtlebot3_example/turtlebot3_absolute_move
[0.852s] copying turtlebot3_example/turtlebot3_absolute_move/turtlebot3_absolute_move.py -> /home/intzeme/turtlebot3_ws/build/turtlebot3_example/build/lib/turtlebot3_example/turtlebot3_absolute_move
[0.857s] copying turtlebot3_example/turtlebot3_absolute_move/__init__.py -> /home/intzeme/turtlebot3_ws/build/turtlebot3_example/build/lib/turtlebot3_example/turtlebot3_absolute_move
[0.857s] creating /home/intzeme/turtlebot3_ws/build/turtlebot3_example/build/lib/turtlebot3_example/turtlebot3_obstacle_detection
[0.857s] copying turtlebot3_example/turtlebot3_obstacle_detection/turtlebot3_obstacle_detection.py -> /home/intzeme/turtlebot3_ws/build/turtlebot3_example/build/lib/turtlebot3_example/turtlebot3_obstacle_detection
[0.858s] copying turtlebot3_example/turtlebot3_obstacle_detection/__init__.py -> /home/intzeme/turtlebot3_ws/build/turtlebot3_example/build/lib/turtlebot3_example/turtlebot3_obstacle_detection
[0.859s] running install
[0.859s] running install_lib
[0.860s] creating /home/intzeme/turtlebot3_ws/install/turtlebot3_example/lib/python3.10/site-packages/turtlebot3_example
[0.860s] creating /home/intzeme/turtlebot3_ws/install/turtlebot3_example/lib/python3.10/site-packages/turtlebot3_example/turtlebot3_relative_move
[0.860s] copying /home/intzeme/turtlebot3_ws/build/turtlebot3_example/build/lib/turtlebot3_example/turtlebot3_relative_move/__init__.py -> /home/intzeme/turtlebot3_ws/install/turtlebot3_example/lib/python3.10/site-packages/turtlebot3_example/turtlebot3_relative_move
[0.860s] copying /home/intzeme/turtlebot3_ws/build/turtlebot3_example/build/lib/turtlebot3_example/turtlebot3_relative_move/turtlebot3_relative_move.py -> /home/intzeme/turtlebot3_ws/install/turtlebot3_example/lib/python3.10/site-packages/turtlebot3_example/turtlebot3_relative_move
[0.860s] creating /home/intzeme/turtlebot3_ws/install/turtlebot3_example/lib/python3.10/site-packages/turtlebot3_example/turtlebot3_patrol
[0.860s] copying /home/intzeme/turtlebot3_ws/build/turtlebot3_example/build/lib/turtlebot3_example/turtlebot3_patrol/__init__.py -> /home/intzeme/turtlebot3_ws/install/turtlebot3_example/lib/python3.10/site-packages/turtlebot3_example/turtlebot3_patrol
[0.860s] copying /home/intzeme/turtlebot3_ws/build/turtlebot3_example/build/lib/turtlebot3_example/turtlebot3_patrol/turtlebot3_patrol_server.py -> /home/intzeme/turtlebot3_ws/install/turtlebot3_example/lib/python3.10/site-packages/turtlebot3_example/turtlebot3_patrol
[0.860s] copying /home/intzeme/turtlebot3_ws/build/turtlebot3_example/build/lib/turtlebot3_example/turtlebot3_patrol/turtlebot3_patrol_client.py -> /home/intzeme/turtlebot3_ws/install/turtlebot3_example/lib/python3.10/site-packages/turtlebot3_example/turtlebot3_patrol
[0.860s] creating /home/intzeme/turtlebot3_ws/install/turtlebot3_example/lib/python3.10/site-packages/turtlebot3_example/turtlebot3_interactive_marker
[0.860s] copying /home/intzeme/turtlebot3_ws/build/turtlebot3_example/build/lib/turtlebot3_example/turtlebot3_interactive_marker/__init__.py -> /home/intzeme/turtlebot3_ws/install/turtlebot3_example/lib/python3.10/site-packages/turtlebot3_example/turtlebot3_interactive_marker
[0.861s] copying /home/intzeme/turtlebot3_ws/build/turtlebot3_example/build/lib/turtlebot3_example/turtlebot3_interactive_marker/turtlebot3_interactive_marker.py -> /home/intzeme/turtlebot3_ws/install/turtlebot3_example/lib/python3.10/site-packages/turtlebot3_example/turtlebot3_interactive_marker
[0.861s] copying /home/intzeme/turtlebot3_ws/build/turtlebot3_example/build/lib/turtlebot3_example/__init__.py -> /home/intzeme/turtlebot3_ws/install/turtlebot3_example/lib/python3.10/site-packages/turtlebot3_example
[0.861s] creating /home/intzeme/turtlebot3_ws/install/turtlebot3_example/lib/python3.10/site-packages/turtlebot3_example/turtlebot3_absolute_move
[0.861s] copying /home/intzeme/turtlebot3_ws/build/turtlebot3_example/build/lib/turtlebot3_example/turtlebot3_absolute_move/turtlebot3_absolute_move.py -> /home/intzeme/turtlebot3_ws/install/turtlebot3_example/lib/python3.10/site-packages/turtlebot3_example/turtlebot3_absolute_move
[0.861s] copying /home/intzeme/turtlebot3_ws/build/turtlebot3_example/build/lib/turtlebot3_example/turtlebot3_absolute_move/__init__.py -> /home/intzeme/turtlebot3_ws/install/turtlebot3_example/lib/python3.10/site-packages/turtlebot3_example/turtlebot3_absolute_move
[0.861s] creating /home/intzeme/turtlebot3_ws/install/turtlebot3_example/lib/python3.10/site-packages/turtlebot3_example/turtlebot3_obstacle_detection
[0.861s] copying /home/intzeme/turtlebot3_ws/build/turtlebot3_example/build/lib/turtlebot3_example/turtlebot3_obstacle_detection/turtlebot3_obstacle_detection.py -> /home/intzeme/turtlebot3_ws/install/turtlebot3_example/lib/python3.10/site-packages/turtlebot3_example/turtlebot3_obstacle_detection
[0.861s] copying /home/intzeme/turtlebot3_ws/build/turtlebot3_example/build/lib/turtlebot3_example/turtlebot3_obstacle_detection/__init__.py -> /home/intzeme/turtlebot3_ws/install/turtlebot3_example/lib/python3.10/site-packages/turtlebot3_example/turtlebot3_obstacle_detection
[0.861s] byte-compiling /home/intzeme/turtlebot3_ws/install/turtlebot3_example/lib/python3.10/site-packages/turtlebot3_example/turtlebot3_relative_move/__init__.py to __init__.cpython-310.pyc
[0.861s] byte-compiling /home/intzeme/turtlebot3_ws/install/turtlebot3_example/lib/python3.10/site-packages/turtlebot3_example/turtlebot3_relative_move/turtlebot3_relative_move.py to turtlebot3_relative_move.cpython-310.pyc
[0.862s] byte-compiling /home/intzeme/turtlebot3_ws/install/turtlebot3_example/lib/python3.10/site-packages/turtlebot3_example/turtlebot3_patrol/__init__.py to __init__.cpython-310.pyc
[0.862s] byte-compiling /home/intzeme/turtlebot3_ws/install/turtlebot3_example/lib/python3.10/site-packages/turtlebot3_example/turtlebot3_patrol/turtlebot3_patrol_server.py to turtlebot3_patrol_server.cpython-310.pyc
[0.863s] byte-compiling /home/intzeme/turtlebot3_ws/install/turtlebot3_example/lib/python3.10/site-packages/turtlebot3_example/turtlebot3_patrol/turtlebot3_patrol_client.py to turtlebot3_patrol_client.cpython-310.pyc
[0.863s] byte-compiling /home/intzeme/turtlebot3_ws/install/turtlebot3_example/lib/python3.10/site-packages/turtlebot3_example/turtlebot3_interactive_marker/__init__.py to __init__.cpython-310.pyc
[0.863s] byte-compiling /home/intzeme/turtlebot3_ws/install/turtlebot3_example/lib/python3.10/site-packages/turtlebot3_example/turtlebot3_interactive_marker/turtlebot3_interactive_marker.py to turtlebot3_interactive_marker.cpython-310.pyc
[0.864s] byte-compiling /home/intzeme/turtlebot3_ws/install/turtlebot3_example/lib/python3.10/site-packages/turtlebot3_example/__init__.py to __init__.cpython-310.pyc
[0.864s] byte-compiling /home/intzeme/turtlebot3_ws/install/turtlebot3_example/lib/python3.10/site-packages/turtlebot3_example/turtlebot3_absolute_move/turtlebot3_absolute_move.py to turtlebot3_absolute_move.cpython-310.pyc
[0.865s] byte-compiling /home/intzeme/turtlebot3_ws/install/turtlebot3_example/lib/python3.10/site-packages/turtlebot3_example/turtlebot3_absolute_move/__init__.py to __init__.cpython-310.pyc
[0.865s] byte-compiling /home/intzeme/turtlebot3_ws/install/turtlebot3_example/lib/python3.10/site-packages/turtlebot3_example/turtlebot3_obstacle_detection/turtlebot3_obstacle_detection.py to turtlebot3_obstacle_detection.cpython-310.pyc
[0.865s] byte-compiling /home/intzeme/turtlebot3_ws/install/turtlebot3_example/lib/python3.10/site-packages/turtlebot3_example/turtlebot3_obstacle_detection/__init__.py to __init__.cpython-310.pyc
[0.865s] running install_data
[0.865s] copying resource/turtlebot3_example -> /home/intzeme/turtlebot3_ws/install/turtlebot3_example/share/ament_index/resource_index/packages
[0.865s] copying package.xml -> /home/intzeme/turtlebot3_ws/install/turtlebot3_example/share/turtlebot3_example
[0.865s] running install_egg_info
[0.867s] Copying ../../../build/turtlebot3_example/turtlebot3_example.egg-info to /home/intzeme/turtlebot3_ws/install/turtlebot3_example/lib/python3.10/site-packages/turtlebot3_example-2.3.4-py3.10.egg-info
[0.869s] running install_scripts
[0.882s] Installing turtlebot3_absolute_move script to /home/intzeme/turtlebot3_ws/install/turtlebot3_example/lib/turtlebot3_example
[0.882s] Installing turtlebot3_interactive_marker script to /home/intzeme/turtlebot3_ws/install/turtlebot3_example/lib/turtlebot3_example
[0.882s] Installing turtlebot3_obstacle_detection script to /home/intzeme/turtlebot3_ws/install/turtlebot3_example/lib/turtlebot3_example
[0.882s] Installing turtlebot3_patrol_client script to /home/intzeme/turtlebot3_ws/install/turtlebot3_example/lib/turtlebot3_example
[0.882s] Installing turtlebot3_patrol_server script to /home/intzeme/turtlebot3_ws/install/turtlebot3_example/lib/turtlebot3_example
[0.882s] Installing turtlebot3_relative_move script to /home/intzeme/turtlebot3_ws/install/turtlebot3_example/lib/turtlebot3_example
[0.882s] writing list of installed files to '/home/intzeme/turtlebot3_ws/build/turtlebot3_example/install.log'
[0.901s] Invoked command in '/home/intzeme/turtlebot3_ws/src/turtlebot3/turtlebot3_example' returned '0': CMAKE_PREFIX_PATH=/home/intzeme/turtlebot3_ws/install/turtlebot3_msgs:/home/intzeme/turtlebot3_ws/install/turtlebot3:/home/intzeme/turtlebot3_ws/install/turtlebot3_bringup:/home/intzeme/turtlebot3_ws/install/turtlebot3_node:/home/intzeme/turtlebot3_ws/install/turtlebot3_navigation2:/home/intzeme/turtlebot3_ws/install/turtlebot3_description:/home/intzeme/turtlebot3_ws/install/turtlebot3_cartographer:/home/intzeme/turtlebot3_ws/install/dynamixel_sdk_examples:/home/intzeme/turtlebot3_ws/install/dynamixel_sdk_custom_interfaces:/home/intzeme/turtlebot3_ws/install/dynamixel_sdk LD_LIBRARY_PATH=/home/intzeme/turtlebot3_ws/install/turtlebot3_msgs/lib:/home/intzeme/turtlebot3_ws/install/dynamixel_sdk_custom_interfaces/lib:/home/intzeme/turtlebot3_ws/install/dynamixel_sdk/lib:/usr/lib/x86_64-linux-gnu/gazebo-11/plugins:/opt/ros/humble/opt/rviz_ogre_vendor/lib:/opt/ros/humble/lib/x86_64-linux-gnu:/opt/ros/humble/lib:/usr/lib/x86_64-linux-gnu/gazebo-11/plugins PYTHONPATH=/home/intzeme/turtlebot3_ws/build/turtlebot3_example/prefix_override:/usr/lib/python3/dist-packages/colcon_core/task/python/colcon_distutils_commands:/home/intzeme/turtlebot3_ws/install/turtlebot3_example/lib/python3.10/site-packages:${PYTHONPATH} /usr/bin/python3 -W ignore:setup.py install is deprecated -W ignore:easy_install command is deprecated setup.py egg_info --egg-base ../../../build/turtlebot3_example build --build-base /home/intzeme/turtlebot3_ws/build/turtlebot3_example/build install --record /home/intzeme/turtlebot3_ws/build/turtlebot3_example/install.log --single-version-externally-managed install_data --force
