[0.069s] Invoking command in '/home/intzeme/turtlebot3_ws/build/dynamixel_sdk': CMAKE_PREFIX_PATH=${CMAKE_PREFIX_PATH}:/home/intzeme/turtlebot3_ws/install/turtlebot3_teleop:/home/intzeme/turtlebot3_ws/install/turtlebot3_example:/opt/ros/humble /usr/bin/cmake /home/intzeme/turtlebot3_ws/src/DynamixelSDK/ros/dynamixel_sdk -DCMAKE_INSTALL_PREFIX=/home/intzeme/turtlebot3_ws/install/dynamixel_sdk
[0.246s] -- Found ament_cmake: 1.3.12 (/opt/ros/humble/share/ament_cmake/cmake)
[0.756s] -- Override CMake install command with custom implementation using symlinks instead of copying resources
[1.029s] -- Configuring done
[1.094s] -- Generating done
[1.102s] -- Build files have been written to: /home/intzeme/turtlebot3_ws/build/dynamixel_sdk
[1.105s] Invoked command in '/home/intzeme/turtlebot3_ws/build/dynamixel_sdk' returned '0': CMAKE_PREFIX_PATH=${CMAKE_PREFIX_PATH}:/home/intzeme/turtlebot3_ws/install/turtlebot3_teleop:/home/intzeme/turtlebot3_ws/install/turtlebot3_example:/opt/ros/humble /usr/bin/cmake /home/intzeme/turtlebot3_ws/src/DynamixelSDK/ros/dynamixel_sdk -DCMAKE_INSTALL_PREFIX=/home/intzeme/turtlebot3_ws/install/dynamixel_sdk
[1.106s] Invoking command in '/home/intzeme/turtlebot3_ws/build/dynamixel_sdk': CMAKE_PREFIX_PATH=${CMAKE_PREFIX_PATH}:/home/intzeme/turtlebot3_ws/install/turtlebot3_teleop:/home/intzeme/turtlebot3_ws/install/turtlebot3_example:/opt/ros/humble /usr/bin/cmake --build /home/intzeme/turtlebot3_ws/build/dynamixel_sdk -- -j20 -l20
[1.154s] [  0%] Built target ament_cmake_python_symlink_dynamixel_sdk
[1.157s] [35m[1mConsolidate compiler generated dependencies of target dynamixel_sdk[0m
[1.190s] [100%] Built target dynamixel_sdk
[1.317s] running egg_info
[1.317s] writing dynamixel_sdk.egg-info/PKG-INFO
[1.317s] writing dependency_links to dynamixel_sdk.egg-info/dependency_links.txt
[1.318s] writing top-level names to dynamixel_sdk.egg-info/top_level.txt
[1.321s] reading manifest file 'dynamixel_sdk.egg-info/SOURCES.txt'
[1.323s] writing manifest file 'dynamixel_sdk.egg-info/SOURCES.txt'
[1.346s] [100%] Built target ament_cmake_python_build_dynamixel_sdk_egg
[1.355s] Invoked command in '/home/intzeme/turtlebot3_ws/build/dynamixel_sdk' returned '0': CMAKE_PREFIX_PATH=${CMAKE_PREFIX_PATH}:/home/intzeme/turtlebot3_ws/install/turtlebot3_teleop:/home/intzeme/turtlebot3_ws/install/turtlebot3_example:/opt/ros/humble /usr/bin/cmake --build /home/intzeme/turtlebot3_ws/build/dynamixel_sdk -- -j20 -l20
[1.359s] Invoking command in '/home/intzeme/turtlebot3_ws/build/dynamixel_sdk': CMAKE_PREFIX_PATH=${CMAKE_PREFIX_PATH}:/home/intzeme/turtlebot3_ws/install/turtlebot3_teleop:/home/intzeme/turtlebot3_ws/install/turtlebot3_example:/opt/ros/humble /usr/bin/cmake --install /home/intzeme/turtlebot3_ws/build/dynamixel_sdk
[1.365s] -- Install configuration: ""
[1.365s] -- Execute custom install script
[1.370s] -- Up-to-date symlink: /home/intzeme/turtlebot3_ws/install/dynamixel_sdk/include//dynamixel_sdk/dynamixel_sdk.h
[1.372s] -- Up-to-date symlink: /home/intzeme/turtlebot3_ws/install/dynamixel_sdk/include//dynamixel_sdk/group_bulk_read.h
[1.374s] -- Up-to-date symlink: /home/intzeme/turtlebot3_ws/install/dynamixel_sdk/include//dynamixel_sdk/group_bulk_write.h
[1.375s] -- Up-to-date symlink: /home/intzeme/turtlebot3_ws/install/dynamixel_sdk/include//dynamixel_sdk/group_fast_bulk_read.h
[1.377s] -- Up-to-date symlink: /home/intzeme/turtlebot3_ws/install/dynamixel_sdk/include//dynamixel_sdk/group_fast_sync_read.h
[1.379s] -- Up-to-date symlink: /home/intzeme/turtlebot3_ws/install/dynamixel_sdk/include//dynamixel_sdk/group_handler.h
[1.380s] -- Up-to-date symlink: /home/intzeme/turtlebot3_ws/install/dynamixel_sdk/include//dynamixel_sdk/group_sync_read.h
[1.382s] -- Up-to-date symlink: /home/intzeme/turtlebot3_ws/install/dynamixel_sdk/include//dynamixel_sdk/group_sync_write.h
[1.384s] -- Up-to-date symlink: /home/intzeme/turtlebot3_ws/install/dynamixel_sdk/include//dynamixel_sdk/packet_handler.h
[1.385s] -- Up-to-date symlink: /home/intzeme/turtlebot3_ws/install/dynamixel_sdk/include//dynamixel_sdk/port_handler.h
[1.387s] -- Up-to-date symlink: /home/intzeme/turtlebot3_ws/install/dynamixel_sdk/include//dynamixel_sdk/port_handler_arduino.h
[1.389s] -- Up-to-date symlink: /home/intzeme/turtlebot3_ws/install/dynamixel_sdk/include//dynamixel_sdk/port_handler_linux.h
[1.390s] -- Up-to-date symlink: /home/intzeme/turtlebot3_ws/install/dynamixel_sdk/include//dynamixel_sdk/port_handler_mac.h
[1.392s] -- Up-to-date symlink: /home/intzeme/turtlebot3_ws/install/dynamixel_sdk/include//dynamixel_sdk/port_handler_windows.h
[1.394s] -- Up-to-date symlink: /home/intzeme/turtlebot3_ws/install/dynamixel_sdk/include//dynamixel_sdk/protocol1_packet_handler.h
[1.395s] -- Up-to-date symlink: /home/intzeme/turtlebot3_ws/install/dynamixel_sdk/include//dynamixel_sdk/protocol2_packet_handler.h
[1.397s] -- Up-to-date symlink: /home/intzeme/turtlebot3_ws/install/dynamixel_sdk/share/dynamixel_sdk/environment/pythonpath.sh
[1.397s] -- Up-to-date symlink: /home/intzeme/turtlebot3_ws/install/dynamixel_sdk/share/dynamixel_sdk/environment/pythonpath.dsv
[1.397s] -- Up-to-date symlink: /home/intzeme/turtlebot3_ws/install/dynamixel_sdk/local/lib/python3.10/dist-packages/dynamixel_sdk-3.8.4-py3.10.egg-info/PKG-INFO
[1.399s] -- Up-to-date symlink: /home/intzeme/turtlebot3_ws/install/dynamixel_sdk/local/lib/python3.10/dist-packages/dynamixel_sdk-3.8.4-py3.10.egg-info/SOURCES.txt
[1.400s] -- Up-to-date symlink: /home/intzeme/turtlebot3_ws/install/dynamixel_sdk/local/lib/python3.10/dist-packages/dynamixel_sdk-3.8.4-py3.10.egg-info/dependency_links.txt
[1.402s] -- Up-to-date symlink: /home/intzeme/turtlebot3_ws/install/dynamixel_sdk/local/lib/python3.10/dist-packages/dynamixel_sdk-3.8.4-py3.10.egg-info/top_level.txt
[1.405s] -- Up-to-date symlink: /home/intzeme/turtlebot3_ws/install/dynamixel_sdk/local/lib/python3.10/dist-packages/dynamixel_sdk/__init__.py
[1.407s] -- Up-to-date symlink: /home/intzeme/turtlebot3_ws/install/dynamixel_sdk/local/lib/python3.10/dist-packages/dynamixel_sdk/group_bulk_read.cpp
[1.409s] -- Up-to-date symlink: /home/intzeme/turtlebot3_ws/install/dynamixel_sdk/local/lib/python3.10/dist-packages/dynamixel_sdk/group_bulk_read.py
[1.411s] -- Up-to-date symlink: /home/intzeme/turtlebot3_ws/install/dynamixel_sdk/local/lib/python3.10/dist-packages/dynamixel_sdk/group_bulk_write.cpp
[1.412s] -- Up-to-date symlink: /home/intzeme/turtlebot3_ws/install/dynamixel_sdk/local/lib/python3.10/dist-packages/dynamixel_sdk/group_bulk_write.py
[1.414s] -- Up-to-date symlink: /home/intzeme/turtlebot3_ws/install/dynamixel_sdk/local/lib/python3.10/dist-packages/dynamixel_sdk/group_fast_bulk_read.cpp
[1.416s] -- Up-to-date symlink: /home/intzeme/turtlebot3_ws/install/dynamixel_sdk/local/lib/python3.10/dist-packages/dynamixel_sdk/group_fast_sync_read.cpp
[1.417s] -- Up-to-date symlink: /home/intzeme/turtlebot3_ws/install/dynamixel_sdk/local/lib/python3.10/dist-packages/dynamixel_sdk/group_handler.cpp
[1.419s] -- Up-to-date symlink: /home/intzeme/turtlebot3_ws/install/dynamixel_sdk/local/lib/python3.10/dist-packages/dynamixel_sdk/group_sync_read.cpp
[1.421s] -- Up-to-date symlink: /home/intzeme/turtlebot3_ws/install/dynamixel_sdk/local/lib/python3.10/dist-packages/dynamixel_sdk/group_sync_read.py
[1.423s] -- Up-to-date symlink: /home/intzeme/turtlebot3_ws/install/dynamixel_sdk/local/lib/python3.10/dist-packages/dynamixel_sdk/group_sync_write.cpp
[1.424s] -- Up-to-date symlink: /home/intzeme/turtlebot3_ws/install/dynamixel_sdk/local/lib/python3.10/dist-packages/dynamixel_sdk/group_sync_write.py
[1.426s] -- Up-to-date symlink: /home/intzeme/turtlebot3_ws/install/dynamixel_sdk/local/lib/python3.10/dist-packages/dynamixel_sdk/packet_handler.cpp
[1.427s] -- Up-to-date symlink: /home/intzeme/turtlebot3_ws/install/dynamixel_sdk/local/lib/python3.10/dist-packages/dynamixel_sdk/packet_handler.py
[1.429s] -- Up-to-date symlink: /home/intzeme/turtlebot3_ws/install/dynamixel_sdk/local/lib/python3.10/dist-packages/dynamixel_sdk/port_handler.cpp
[1.431s] -- Up-to-date symlink: /home/intzeme/turtlebot3_ws/install/dynamixel_sdk/local/lib/python3.10/dist-packages/dynamixel_sdk/port_handler.py
[1.433s] -- Up-to-date symlink: /home/intzeme/turtlebot3_ws/install/dynamixel_sdk/local/lib/python3.10/dist-packages/dynamixel_sdk/port_handler_arduino.cpp
[1.434s] -- Up-to-date symlink: /home/intzeme/turtlebot3_ws/install/dynamixel_sdk/local/lib/python3.10/dist-packages/dynamixel_sdk/port_handler_linux.cpp
[1.436s] -- Up-to-date symlink: /home/intzeme/turtlebot3_ws/install/dynamixel_sdk/local/lib/python3.10/dist-packages/dynamixel_sdk/port_handler_mac.cpp
[1.438s] -- Up-to-date symlink: /home/intzeme/turtlebot3_ws/install/dynamixel_sdk/local/lib/python3.10/dist-packages/dynamixel_sdk/port_handler_windows.cpp
[1.440s] -- Up-to-date symlink: /home/intzeme/turtlebot3_ws/install/dynamixel_sdk/local/lib/python3.10/dist-packages/dynamixel_sdk/protocol1_packet_handler.cpp
[1.441s] -- Up-to-date symlink: /home/intzeme/turtlebot3_ws/install/dynamixel_sdk/local/lib/python3.10/dist-packages/dynamixel_sdk/protocol1_packet_handler.py
[1.445s] -- Up-to-date symlink: /home/intzeme/turtlebot3_ws/install/dynamixel_sdk/local/lib/python3.10/dist-packages/dynamixel_sdk/protocol2_packet_handler.cpp
[1.446s] -- Up-to-date symlink: /home/intzeme/turtlebot3_ws/install/dynamixel_sdk/local/lib/python3.10/dist-packages/dynamixel_sdk/protocol2_packet_handler.py
[1.448s] -- Up-to-date symlink: /home/intzeme/turtlebot3_ws/install/dynamixel_sdk/local/lib/python3.10/dist-packages/dynamixel_sdk/robotis_def.py
[1.450s] -- Up-to-date symlink: /home/intzeme/turtlebot3_ws/install/dynamixel_sdk/share/dynamixel_sdk/environment/library_path.sh
[1.450s] -- Up-to-date symlink: /home/intzeme/turtlebot3_ws/install/dynamixel_sdk/share/dynamixel_sdk/environment/library_path.dsv
[1.450s] -- Up-to-date symlink: /home/intzeme/turtlebot3_ws/install/dynamixel_sdk/share/ament_index/resource_index/package_run_dependencies/dynamixel_sdk
[1.454s] -- Up-to-date symlink: /home/intzeme/turtlebot3_ws/install/dynamixel_sdk/share/ament_index/resource_index/parent_prefix_path/dynamixel_sdk
[1.455s] -- Up-to-date symlink: /home/intzeme/turtlebot3_ws/install/dynamixel_sdk/share/dynamixel_sdk/environment/ament_prefix_path.sh
[1.456s] -- Up-to-date symlink: /home/intzeme/turtlebot3_ws/install/dynamixel_sdk/share/dynamixel_sdk/environment/ament_prefix_path.dsv
[1.457s] -- Up-to-date symlink: /home/intzeme/turtlebot3_ws/install/dynamixel_sdk/share/dynamixel_sdk/environment/path.sh
[1.457s] -- Up-to-date symlink: /home/intzeme/turtlebot3_ws/install/dynamixel_sdk/share/dynamixel_sdk/environment/path.dsv
[1.459s] -- Up-to-date symlink: /home/intzeme/turtlebot3_ws/install/dynamixel_sdk/share/dynamixel_sdk/local_setup.bash
[1.460s] -- Up-to-date symlink: /home/intzeme/turtlebot3_ws/install/dynamixel_sdk/share/dynamixel_sdk/local_setup.sh
[1.462s] -- Up-to-date symlink: /home/intzeme/turtlebot3_ws/install/dynamixel_sdk/share/dynamixel_sdk/local_setup.zsh
[1.462s] -- Up-to-date symlink: /home/intzeme/turtlebot3_ws/install/dynamixel_sdk/share/dynamixel_sdk/local_setup.dsv
[1.462s] -- Symlinking: /home/intzeme/turtlebot3_ws/install/dynamixel_sdk/share/dynamixel_sdk/package.dsv
[1.469s] -- Up-to-date symlink: /home/intzeme/turtlebot3_ws/install/dynamixel_sdk/share/ament_index/resource_index/packages/dynamixel_sdk
[1.472s] -- Up-to-date symlink: /home/intzeme/turtlebot3_ws/install/dynamixel_sdk/share/dynamixel_sdk/cmake/ament_cmake_export_targets-extras.cmake
[1.474s] -- Up-to-date symlink: /home/intzeme/turtlebot3_ws/install/dynamixel_sdk/share/dynamixel_sdk/cmake/ament_cmake_export_include_directories-extras.cmake
[1.476s] -- Up-to-date symlink: /home/intzeme/turtlebot3_ws/install/dynamixel_sdk/share/dynamixel_sdk/cmake/ament_cmake_export_libraries-extras.cmake
[1.477s] -- Up-to-date symlink: /home/intzeme/turtlebot3_ws/install/dynamixel_sdk/share/dynamixel_sdk/cmake/dynamixel_sdkConfig.cmake
[1.479s] -- Up-to-date symlink: /home/intzeme/turtlebot3_ws/install/dynamixel_sdk/share/dynamixel_sdk/cmake/dynamixel_sdkConfig-version.cmake
[1.479s] -- Up-to-date symlink: /home/intzeme/turtlebot3_ws/install/dynamixel_sdk/share/dynamixel_sdk/package.xml
[1.485s] -- Up-to-date: /home/intzeme/turtlebot3_ws/install/dynamixel_sdk/lib/libdynamixel_sdk.so
[1.531s] Listing '/home/intzeme/turtlebot3_ws/install/dynamixel_sdk/local/lib/python3.10/dist-packages/dynamixel_sdk'...
[1.536s] -- Up-to-date: /home/intzeme/turtlebot3_ws/install/dynamixel_sdk/share/dynamixel_sdk/cmake/dynamixel_sdkExport.cmake
[1.536s] -- Up-to-date: /home/intzeme/turtlebot3_ws/install/dynamixel_sdk/share/dynamixel_sdk/cmake/dynamixel_sdkExport-noconfig.cmake
[1.538s] Invoked command in '/home/intzeme/turtlebot3_ws/build/dynamixel_sdk' returned '0': CMAKE_PREFIX_PATH=${CMAKE_PREFIX_PATH}:/home/intzeme/turtlebot3_ws/install/turtlebot3_teleop:/home/intzeme/turtlebot3_ws/install/turtlebot3_example:/opt/ros/humble /usr/bin/cmake --install /home/intzeme/turtlebot3_ws/build/dynamixel_sdk
