[0.370s] Invoking command in '/home/intzeme/turtlebot3_ws/src/eye_package': PYTHONPATH=/home/intzeme/turtlebot3_ws/src/build/eye_package/prefix_override:/usr/lib/python3/dist-packages/colcon_core/task/python/colcon_distutils_commands:/home/intzeme/turtlebot3_ws/src/install/eye_package/lib/python3.10/site-packages:${PYTHONPATH} /usr/bin/python3 -W ignore:setup.py install is deprecated -W ignore:easy_install command is deprecated setup.py egg_info --egg-base ../build/eye_package build --build-base /home/intzeme/turtlebot3_ws/src/build/eye_package/build install --record /home/intzeme/turtlebot3_ws/src/build/eye_package/install.log --single-version-externally-managed install_data
[0.510s] running egg_info
[0.511s] creating ../build/eye_package/eye_package.egg-info
[0.511s] writing ../build/eye_package/eye_package.egg-info/PKG-INFO
[0.511s] writing dependency_links to ../build/eye_package/eye_package.egg-info/dependency_links.txt
[0.511s] writing entry points to ../build/eye_package/eye_package.egg-info/entry_points.txt
[0.511s] writing requirements to ../build/eye_package/eye_package.egg-info/requires.txt
[0.512s] writing top-level names to ../build/eye_package/eye_package.egg-info/top_level.txt
[0.512s] writing manifest file '../build/eye_package/eye_package.egg-info/SOURCES.txt'
[0.512s] reading manifest file '../build/eye_package/eye_package.egg-info/SOURCES.txt'
[0.513s] adding license file 'LICENSE'
[0.513s] writing manifest file '../build/eye_package/eye_package.egg-info/SOURCES.txt'
[0.513s] running build
[0.513s] running build_py
[0.513s] creating /home/intzeme/turtlebot3_ws/src/build/eye_package/build
[0.513s] creating /home/intzeme/turtlebot3_ws/src/build/eye_package/build/lib
[0.513s] creating /home/intzeme/turtlebot3_ws/src/build/eye_package/build/lib/eye_package
[0.513s] copying eye_package/eye_node.py -> /home/intzeme/turtlebot3_ws/src/build/eye_package/build/lib/eye_package
[0.513s] copying eye_package/__init__.py -> /home/intzeme/turtlebot3_ws/src/build/eye_package/build/lib/eye_package
[0.513s] running install
[0.513s] running install_lib
[0.513s] creating /home/intzeme/turtlebot3_ws/src/install/eye_package/lib/python3.10/site-packages/eye_package
[0.514s] copying /home/intzeme/turtlebot3_ws/src/build/eye_package/build/lib/eye_package/eye_node.py -> /home/intzeme/turtlebot3_ws/src/install/eye_package/lib/python3.10/site-packages/eye_package
[0.514s] copying /home/intzeme/turtlebot3_ws/src/build/eye_package/build/lib/eye_package/__init__.py -> /home/intzeme/turtlebot3_ws/src/install/eye_package/lib/python3.10/site-packages/eye_package
[0.514s] byte-compiling /home/intzeme/turtlebot3_ws/src/install/eye_package/lib/python3.10/site-packages/eye_package/eye_node.py to eye_node.cpython-310.pyc
[0.515s] byte-compiling /home/intzeme/turtlebot3_ws/src/install/eye_package/lib/python3.10/site-packages/eye_package/__init__.py to __init__.cpython-310.pyc
[0.515s] running install_data
[0.515s] creating /home/intzeme/turtlebot3_ws/src/install/eye_package/share/ament_index
[0.515s] creating /home/intzeme/turtlebot3_ws/src/install/eye_package/share/ament_index/resource_index
[0.515s] creating /home/intzeme/turtlebot3_ws/src/install/eye_package/share/ament_index/resource_index/packages
[0.515s] copying resource/eye_package -> /home/intzeme/turtlebot3_ws/src/install/eye_package/share/ament_index/resource_index/packages
[0.515s] copying package.xml -> /home/intzeme/turtlebot3_ws/src/install/eye_package/share/eye_package
[0.515s] running install_egg_info
[0.516s] Copying ../build/eye_package/eye_package.egg-info to /home/intzeme/turtlebot3_ws/src/install/eye_package/lib/python3.10/site-packages/eye_package-0.0.0-py3.10.egg-info
[0.516s] running install_scripts
[0.529s] Installing eye_node script to /home/intzeme/turtlebot3_ws/src/install/eye_package/lib/eye_package
[0.529s] writing list of installed files to '/home/intzeme/turtlebot3_ws/src/build/eye_package/install.log'
[0.544s] Invoked command in '/home/intzeme/turtlebot3_ws/src/eye_package' returned '0': PYTHONPATH=/home/intzeme/turtlebot3_ws/src/build/eye_package/prefix_override:/usr/lib/python3/dist-packages/colcon_core/task/python/colcon_distutils_commands:/home/intzeme/turtlebot3_ws/src/install/eye_package/lib/python3.10/site-packages:${PYTHONPATH} /usr/bin/python3 -W ignore:setup.py install is deprecated -W ignore:easy_install command is deprecated setup.py egg_info --egg-base ../build/eye_package build --build-base /home/intzeme/turtlebot3_ws/src/build/eye_package/build install --record /home/intzeme/turtlebot3_ws/src/build/eye_package/install.log --single-version-externally-managed install_data
