[0.011s] Invoking command in '/home/intzeme/turtlebot3_ws/build/turtlebot3_node': CMAKE_PREFIX_PATH=/home/intzeme/turtlebot3_ws/install/turtlebot3_msgs:/home/intzeme/turtlebot3_ws/install/dynamixel_sdk:/home/intzeme/turtlebot3_ws/install/turtlebot3:/home/intzeme/turtlebot3_ws/install/turtlebot3_bringup:/home/intzeme/turtlebot3_ws/install/turtlebot3_node:/home/intzeme/turtlebot3_ws/install/turtlebot3_navigation2:/home/intzeme/turtlebot3_ws/install/turtlebot3_description:/home/intzeme/turtlebot3_ws/install/turtlebot3_cartographer:/home/intzeme/turtlebot3_ws/install/dynamixel_sdk_examples:/home/intzeme/turtlebot3_ws/install/dynamixel_sdk_custom_interfaces:/home/intzeme/turtlebot3_ws/install/turtlebot3_teleop:/home/intzeme/turtlebot3_ws/install/turtlebot3_example:/opt/ros/humble LD_LIBRARY_PATH=/home/intzeme/turtlebot3_ws/install/turtlebot3_msgs/lib:/home/intzeme/turtlebot3_ws/install/dynamixel_sdk/lib:/home/intzeme/turtlebot3_ws/install/dynamixel_sdk_custom_interfaces/lib:/usr/lib/x86_64-linux-gnu/gazebo-11/plugins:/opt/ros/humble/opt/rviz_ogre_vendor/lib:/opt/ros/humble/lib/x86_64-linux-gnu:/opt/ros/humble/lib:/usr/lib/x86_64-linux-gnu/gazebo-11/plugins /usr/bin/cmake --build /home/intzeme/turtlebot3_ws/build/turtlebot3_node -- -j20 -l20
[0.057s] [ 85%] Built target turtlebot3_node_lib
[0.080s] [100%] Built target turtlebot3_ros
[0.192s] Invoked command in '/home/intzeme/turtlebot3_ws/build/turtlebot3_node' returned '0': CMAKE_PREFIX_PATH=/home/intzeme/turtlebot3_ws/install/turtlebot3_msgs:/home/intzeme/turtlebot3_ws/install/dynamixel_sdk:/home/intzeme/turtlebot3_ws/install/turtlebot3:/home/intzeme/turtlebot3_ws/install/turtlebot3_bringup:/home/intzeme/turtlebot3_ws/install/turtlebot3_node:/home/intzeme/turtlebot3_ws/install/turtlebot3_navigation2:/home/intzeme/turtlebot3_ws/install/turtlebot3_description:/home/intzeme/turtlebot3_ws/install/turtlebot3_cartographer:/home/intzeme/turtlebot3_ws/install/dynamixel_sdk_examples:/home/intzeme/turtlebot3_ws/install/dynamixel_sdk_custom_interfaces:/home/intzeme/turtlebot3_ws/install/turtlebot3_teleop:/home/intzeme/turtlebot3_ws/install/turtlebot3_example:/opt/ros/humble LD_LIBRARY_PATH=/home/intzeme/turtlebot3_ws/install/turtlebot3_msgs/lib:/home/intzeme/turtlebot3_ws/install/dynamixel_sdk/lib:/home/intzeme/turtlebot3_ws/install/dynamixel_sdk_custom_interfaces/lib:/usr/lib/x86_64-linux-gnu/gazebo-11/plugins:/opt/ros/humble/opt/rviz_ogre_vendor/lib:/opt/ros/humble/lib/x86_64-linux-gnu:/opt/ros/humble/lib:/usr/lib/x86_64-linux-gnu/gazebo-11/plugins /usr/bin/cmake --build /home/intzeme/turtlebot3_ws/build/turtlebot3_node -- -j20 -l20
[0.193s] Invoking command in '/home/intzeme/turtlebot3_ws/build/turtlebot3_node': CMAKE_PREFIX_PATH=/home/intzeme/turtlebot3_ws/install/turtlebot3_msgs:/home/intzeme/turtlebot3_ws/install/dynamixel_sdk:/home/intzeme/turtlebot3_ws/install/turtlebot3:/home/intzeme/turtlebot3_ws/install/turtlebot3_bringup:/home/intzeme/turtlebot3_ws/install/turtlebot3_node:/home/intzeme/turtlebot3_ws/install/turtlebot3_navigation2:/home/intzeme/turtlebot3_ws/install/turtlebot3_description:/home/intzeme/turtlebot3_ws/install/turtlebot3_cartographer:/home/intzeme/turtlebot3_ws/install/dynamixel_sdk_examples:/home/intzeme/turtlebot3_ws/install/dynamixel_sdk_custom_interfaces:/home/intzeme/turtlebot3_ws/install/turtlebot3_teleop:/home/intzeme/turtlebot3_ws/install/turtlebot3_example:/opt/ros/humble LD_LIBRARY_PATH=/home/intzeme/turtlebot3_ws/install/turtlebot3_msgs/lib:/home/intzeme/turtlebot3_ws/install/dynamixel_sdk/lib:/home/intzeme/turtlebot3_ws/install/dynamixel_sdk_custom_interfaces/lib:/usr/lib/x86_64-linux-gnu/gazebo-11/plugins:/opt/ros/humble/opt/rviz_ogre_vendor/lib:/opt/ros/humble/lib/x86_64-linux-gnu:/opt/ros/humble/lib:/usr/lib/x86_64-linux-gnu/gazebo-11/plugins /usr/bin/cmake --install /home/intzeme/turtlebot3_ws/build/turtlebot3_node
[0.199s] -- Install configuration: ""
[0.199s] -- Execute custom install script
[0.200s] -- Up-to-date symlink: /home/intzeme/turtlebot3_ws/install/turtlebot3_node/share/turtlebot3_node/param/burger.yaml
[0.200s] -- Up-to-date symlink: /home/intzeme/turtlebot3_ws/install/turtlebot3_node/share/turtlebot3_node/param/waffle.yaml
[0.200s] -- Up-to-date symlink: /home/intzeme/turtlebot3_ws/install/turtlebot3_node/share/turtlebot3_node/param/waffle_pi.yaml
[0.200s] -- Up-to-date symlink: /home/intzeme/turtlebot3_ws/install/turtlebot3_node/lib/turtlebot3_node/turtlebot3_ros
[0.200s] -- Up-to-date symlink: /home/intzeme/turtlebot3_ws/install/turtlebot3_node/share/ament_index/resource_index/package_run_dependencies/turtlebot3_node
[0.200s] -- Up-to-date symlink: /home/intzeme/turtlebot3_ws/install/turtlebot3_node/share/ament_index/resource_index/parent_prefix_path/turtlebot3_node
[0.200s] -- Up-to-date symlink: /home/intzeme/turtlebot3_ws/install/turtlebot3_node/share/turtlebot3_node/environment/ament_prefix_path.sh
[0.200s] -- Up-to-date symlink: /home/intzeme/turtlebot3_ws/install/turtlebot3_node/share/turtlebot3_node/environment/ament_prefix_path.dsv
[0.200s] -- Up-to-date symlink: /home/intzeme/turtlebot3_ws/install/turtlebot3_node/share/turtlebot3_node/environment/path.sh
[0.200s] -- Up-to-date symlink: /home/intzeme/turtlebot3_ws/install/turtlebot3_node/share/turtlebot3_node/environment/path.dsv
[0.201s] -- Up-to-date symlink: /home/intzeme/turtlebot3_ws/install/turtlebot3_node/share/turtlebot3_node/local_setup.bash
[0.201s] -- Up-to-date symlink: /home/intzeme/turtlebot3_ws/install/turtlebot3_node/share/turtlebot3_node/local_setup.sh
[0.201s] -- Up-to-date symlink: /home/intzeme/turtlebot3_ws/install/turtlebot3_node/share/turtlebot3_node/local_setup.zsh
[0.201s] -- Up-to-date symlink: /home/intzeme/turtlebot3_ws/install/turtlebot3_node/share/turtlebot3_node/local_setup.dsv
[0.201s] -- Symlinking: /home/intzeme/turtlebot3_ws/install/turtlebot3_node/share/turtlebot3_node/package.dsv
[0.208s] -- Up-to-date symlink: /home/intzeme/turtlebot3_ws/install/turtlebot3_node/share/ament_index/resource_index/packages/turtlebot3_node
[0.208s] -- Up-to-date symlink: /home/intzeme/turtlebot3_ws/install/turtlebot3_node/share/turtlebot3_node/cmake/ament_cmake_export_dependencies-extras.cmake
[0.208s] -- Up-to-date symlink: /home/intzeme/turtlebot3_ws/install/turtlebot3_node/share/turtlebot3_node/cmake/ament_cmake_export_include_directories-extras.cmake
[0.208s] -- Up-to-date symlink: /home/intzeme/turtlebot3_ws/install/turtlebot3_node/share/turtlebot3_node/cmake/turtlebot3_nodeConfig.cmake
[0.208s] -- Up-to-date symlink: /home/intzeme/turtlebot3_ws/install/turtlebot3_node/share/turtlebot3_node/cmake/turtlebot3_nodeConfig-version.cmake
[0.208s] -- Up-to-date symlink: /home/intzeme/turtlebot3_ws/install/turtlebot3_node/share/turtlebot3_node/package.xml
[0.211s] Invoked command in '/home/intzeme/turtlebot3_ws/build/turtlebot3_node' returned '0': CMAKE_PREFIX_PATH=/home/intzeme/turtlebot3_ws/install/turtlebot3_msgs:/home/intzeme/turtlebot3_ws/install/dynamixel_sdk:/home/intzeme/turtlebot3_ws/install/turtlebot3:/home/intzeme/turtlebot3_ws/install/turtlebot3_bringup:/home/intzeme/turtlebot3_ws/install/turtlebot3_node:/home/intzeme/turtlebot3_ws/install/turtlebot3_navigation2:/home/intzeme/turtlebot3_ws/install/turtlebot3_description:/home/intzeme/turtlebot3_ws/install/turtlebot3_cartographer:/home/intzeme/turtlebot3_ws/install/dynamixel_sdk_examples:/home/intzeme/turtlebot3_ws/install/dynamixel_sdk_custom_interfaces:/home/intzeme/turtlebot3_ws/install/turtlebot3_teleop:/home/intzeme/turtlebot3_ws/install/turtlebot3_example:/opt/ros/humble LD_LIBRARY_PATH=/home/intzeme/turtlebot3_ws/install/turtlebot3_msgs/lib:/home/intzeme/turtlebot3_ws/install/dynamixel_sdk/lib:/home/intzeme/turtlebot3_ws/install/dynamixel_sdk_custom_interfaces/lib:/usr/lib/x86_64-linux-gnu/gazebo-11/plugins:/opt/ros/humble/opt/rviz_ogre_vendor/lib:/opt/ros/humble/lib/x86_64-linux-gnu:/opt/ros/humble/lib:/usr/lib/x86_64-linux-gnu/gazebo-11/plugins /usr/bin/cmake --install /home/intzeme/turtlebot3_ws/build/turtlebot3_node
