[1.880s] Invoking command in '/home/intzeme/turtlebot3_ws/build/turtlebot3_teleop': PYTHONPATH=/home/intzeme/turtlebot3_ws/build/turtlebot3_teleop/prefix_override:/usr/lib/python3/dist-packages/colcon_core/task/python/colcon_distutils_commands:/home/intzeme/turtlebot3_ws/install/turtlebot3_teleop/lib/python3.10/site-packages:${PYTHONPATH} /usr/bin/python3 -W ignore:setup.py install is deprecated -W ignore:easy_install command is deprecated setup.py develop --uninstall --editable --build-directory /home/intzeme/turtlebot3_ws/build/turtlebot3_teleop/build
[2.042s] running develop
[2.132s] Removing /home/intzeme/turtlebot3_ws/install/turtlebot3_teleop/lib/python3.10/site-packages/turtlebot3-teleop.egg-link (link to .)
[2.152s] Invoked command in '/home/intzeme/turtlebot3_ws/build/turtlebot3_teleop' returned '0': PYTHONPATH=/home/intzeme/turtlebot3_ws/build/turtlebot3_teleop/prefix_override:/usr/lib/python3/dist-packages/colcon_core/task/python/colcon_distutils_commands:/home/intzeme/turtlebot3_ws/install/turtlebot3_teleop/lib/python3.10/site-packages:${PYTHONPATH} /usr/bin/python3 -W ignore:setup.py install is deprecated -W ignore:easy_install command is deprecated setup.py develop --uninstall --editable --build-directory /home/intzeme/turtlebot3_ws/build/turtlebot3_teleop/build
[2.153s] Invoking command in '/home/intzeme/turtlebot3_ws/src/turtlebot3/turtlebot3_teleop': PYTHONPATH=/home/intzeme/turtlebot3_ws/build/turtlebot3_teleop/prefix_override:/usr/lib/python3/dist-packages/colcon_core/task/python/colcon_distutils_commands:/home/intzeme/turtlebot3_ws/install/turtlebot3_teleop/lib/python3.10/site-packages:${PYTHONPATH} /usr/bin/python3 -W ignore:setup.py install is deprecated -W ignore:easy_install command is deprecated setup.py egg_info --egg-base ../../../build/turtlebot3_teleop build --build-base /home/intzeme/turtlebot3_ws/build/turtlebot3_teleop/build install --record /home/intzeme/turtlebot3_ws/build/turtlebot3_teleop/install.log --single-version-externally-managed install_data --force
[2.302s] running egg_info
[2.303s] writing ../../../build/turtlebot3_teleop/turtlebot3_teleop.egg-info/PKG-INFO
[2.303s] writing dependency_links to ../../../build/turtlebot3_teleop/turtlebot3_teleop.egg-info/dependency_links.txt
[2.303s] writing entry points to ../../../build/turtlebot3_teleop/turtlebot3_teleop.egg-info/entry_points.txt
[2.303s] writing requirements to ../../../build/turtlebot3_teleop/turtlebot3_teleop.egg-info/requires.txt
[2.303s] writing top-level names to ../../../build/turtlebot3_teleop/turtlebot3_teleop.egg-info/top_level.txt
[2.305s] reading manifest file '../../../build/turtlebot3_teleop/turtlebot3_teleop.egg-info/SOURCES.txt'
[2.306s] writing manifest file '../../../build/turtlebot3_teleop/turtlebot3_teleop.egg-info/SOURCES.txt'
[2.306s] running build
[2.306s] running build_py
[2.306s] creating /home/intzeme/turtlebot3_ws/build/turtlebot3_teleop/build
[2.306s] creating /home/intzeme/turtlebot3_ws/build/turtlebot3_teleop/build/lib
[2.306s] creating /home/intzeme/turtlebot3_ws/build/turtlebot3_teleop/build/lib/turtlebot3_teleop
[2.306s] copying turtlebot3_teleop/__init__.py -> /home/intzeme/turtlebot3_ws/build/turtlebot3_teleop/build/lib/turtlebot3_teleop
[2.306s] creating /home/intzeme/turtlebot3_ws/build/turtlebot3_teleop/build/lib/turtlebot3_teleop/script
[2.306s] copying turtlebot3_teleop/script/__init__.py -> /home/intzeme/turtlebot3_ws/build/turtlebot3_teleop/build/lib/turtlebot3_teleop/script
[2.306s] copying turtlebot3_teleop/script/teleop_keyboard.py -> /home/intzeme/turtlebot3_ws/build/turtlebot3_teleop/build/lib/turtlebot3_teleop/script
[2.307s] running install
[2.308s] running install_lib
[2.308s] creating /home/intzeme/turtlebot3_ws/install/turtlebot3_teleop/lib/python3.10/site-packages/turtlebot3_teleop
[2.308s] creating /home/intzeme/turtlebot3_ws/install/turtlebot3_teleop/lib/python3.10/site-packages/turtlebot3_teleop/script
[2.308s] copying /home/intzeme/turtlebot3_ws/build/turtlebot3_teleop/build/lib/turtlebot3_teleop/script/__init__.py -> /home/intzeme/turtlebot3_ws/install/turtlebot3_teleop/lib/python3.10/site-packages/turtlebot3_teleop/script
[2.308s] copying /home/intzeme/turtlebot3_ws/build/turtlebot3_teleop/build/lib/turtlebot3_teleop/script/teleop_keyboard.py -> /home/intzeme/turtlebot3_ws/install/turtlebot3_teleop/lib/python3.10/site-packages/turtlebot3_teleop/script
[2.308s] copying /home/intzeme/turtlebot3_ws/build/turtlebot3_teleop/build/lib/turtlebot3_teleop/__init__.py -> /home/intzeme/turtlebot3_ws/install/turtlebot3_teleop/lib/python3.10/site-packages/turtlebot3_teleop
[2.309s] byte-compiling /home/intzeme/turtlebot3_ws/install/turtlebot3_teleop/lib/python3.10/site-packages/turtlebot3_teleop/script/__init__.py to __init__.cpython-310.pyc
[2.309s] byte-compiling /home/intzeme/turtlebot3_ws/install/turtlebot3_teleop/lib/python3.10/site-packages/turtlebot3_teleop/script/teleop_keyboard.py to teleop_keyboard.cpython-310.pyc
[2.310s] byte-compiling /home/intzeme/turtlebot3_ws/install/turtlebot3_teleop/lib/python3.10/site-packages/turtlebot3_teleop/__init__.py to __init__.cpython-310.pyc
[2.310s] running install_data
[2.310s] copying resource/turtlebot3_teleop -> /home/intzeme/turtlebot3_ws/install/turtlebot3_teleop/share/ament_index/resource_index/packages
[2.310s] copying package.xml -> /home/intzeme/turtlebot3_ws/install/turtlebot3_teleop/share/turtlebot3_teleop
[2.310s] running install_egg_info
[2.312s] Copying ../../../build/turtlebot3_teleop/turtlebot3_teleop.egg-info to /home/intzeme/turtlebot3_ws/install/turtlebot3_teleop/lib/python3.10/site-packages/turtlebot3_teleop-2.3.4-py3.10.egg-info
[2.314s] running install_scripts
[2.330s] Installing teleop_keyboard script to /home/intzeme/turtlebot3_ws/install/turtlebot3_teleop/lib/turtlebot3_teleop
[2.330s] writing list of installed files to '/home/intzeme/turtlebot3_ws/build/turtlebot3_teleop/install.log'
[2.350s] Invoked command in '/home/intzeme/turtlebot3_ws/src/turtlebot3/turtlebot3_teleop' returned '0': PYTHONPATH=/home/intzeme/turtlebot3_ws/build/turtlebot3_teleop/prefix_override:/usr/lib/python3/dist-packages/colcon_core/task/python/colcon_distutils_commands:/home/intzeme/turtlebot3_ws/install/turtlebot3_teleop/lib/python3.10/site-packages:${PYTHONPATH} /usr/bin/python3 -W ignore:setup.py install is deprecated -W ignore:easy_install command is deprecated setup.py egg_info --egg-base ../../../build/turtlebot3_teleop build --build-base /home/intzeme/turtlebot3_ws/build/turtlebot3_teleop/build install --record /home/intzeme/turtlebot3_ws/build/turtlebot3_teleop/install.log --single-version-externally-managed install_data --force
