[0.020s] Invoking command in '/home/intzeme/turtlebot3_ws/build/dynamixel_sdk_examples': CMAKE_PREFIX_PATH=/home/intzeme/turtlebot3_ws/install/dynamixel_sdk_custom_interfaces:/home/intzeme/turtlebot3_ws/install/dynamixel_sdk:/home/intzeme/turtlebot3_ws/install/turtlebot3:/home/intzeme/turtlebot3_ws/install/turtlebot3_bringup:/home/intzeme/turtlebot3_ws/install/turtlebot3_node:/home/intzeme/turtlebot3_ws/install/turtlebot3_navigation2:/home/intzeme/turtlebot3_ws/install/turtlebot3_msgs:/home/intzeme/turtlebot3_ws/install/turtlebot3_description:/home/intzeme/turtlebot3_ws/install/turtlebot3_cartographer:/home/intzeme/turtlebot3_ws/install/dynamixel_sdk_examples:/home/intzeme/turtlebot3_ws/install/turtlebot3_teleop:/home/intzeme/turtlebot3_ws/install/turtlebot3_example:/opt/ros/humble LD_LIBRARY_PATH=/home/intzeme/turtlebot3_ws/install/dynamixel_sdk_custom_interfaces/lib:/home/intzeme/turtlebot3_ws/install/dynamixel_sdk/lib:/home/intzeme/turtlebot3_ws/install/turtlebot3_msgs/lib:/usr/lib/x86_64-linux-gnu/gazebo-11/plugins:/opt/ros/humble/opt/rviz_ogre_vendor/lib:/opt/ros/humble/lib/x86_64-linux-gnu:/opt/ros/humble/lib:/usr/lib/x86_64-linux-gnu/gazebo-11/plugins /usr/bin/cmake /home/intzeme/turtlebot3_ws/src/DynamixelSDK/ros/dynamixel_sdk_examples -DCMAKE_INSTALL_PREFIX=/home/intzeme/turtlebot3_ws/install/dynamixel_sdk_examples
[0.037s] -- Found ament_cmake: 1.3.12 (/opt/ros/humble/share/ament_cmake/cmake)
[0.129s] -- Override CMake install command with custom implementation using symlinks instead of copying resources
[0.136s] -- Found dynamixel_sdk: 3.8.4 (/home/intzeme/turtlebot3_ws/install/dynamixel_sdk/share/dynamixel_sdk/cmake)
[0.138s] -- Found dynamixel_sdk_custom_interfaces: 3.8.4 (/home/intzeme/turtlebot3_ws/install/dynamixel_sdk_custom_interfaces/share/dynamixel_sdk_custom_interfaces/cmake)
[0.157s] -- Found rosidl_generator_c: 3.1.7 (/opt/ros/humble/share/rosidl_generator_c/cmake)
[0.158s] -- Found rosidl_adapter: 3.1.7 (/opt/ros/humble/share/rosidl_adapter/cmake)
[0.161s] -- Found rosidl_generator_cpp: 3.1.7 (/opt/ros/humble/share/rosidl_generator_cpp/cmake)
[0.167s] -- Using all available rosidl_typesupport_c: rosidl_typesupport_fastrtps_c;rosidl_typesupport_introspection_c
[0.175s] -- Using all available rosidl_typesupport_cpp: rosidl_typesupport_fastrtps_cpp;rosidl_typesupport_introspection_cpp
[0.204s] -- Found rclcpp: 16.0.15 (/opt/ros/humble/share/rclcpp/cmake)
[0.345s] -- Found rmw_implementation_cmake: 6.1.2 (/opt/ros/humble/share/rmw_implementation_cmake/cmake)
[0.358s] -- Found rmw_fastrtps_cpp: 6.2.9 (/opt/ros/humble/share/rmw_fastrtps_cpp/cmake)
[0.534s] -- Using RMW implementation 'rmw_fastrtps_cpp' as default
[0.691s] -- Found rclpy: 3.3.17 (/opt/ros/humble/share/rclpy/cmake)
[0.696s] -- Found ament_lint_auto: 0.12.14 (/opt/ros/humble/share/ament_lint_auto/cmake)
[0.786s] -- Added test 'copyright' to check source files copyright and LICENSE
[0.791s] -- Added test 'cppcheck' to perform static code analysis on C / C++ code
[0.791s] -- Configured cppcheck include dirs: /home/intzeme/turtlebot3_ws/src/DynamixelSDK/ros/dynamixel_sdk_examples/include
[0.791s] -- Configured cppcheck exclude dirs and/or files: 
[0.793s] -- Added test 'cpplint' to check C / C++ code against the Google style
[0.793s] -- Configured cpplint exclude dirs and/or files: 
[0.795s] -- Added test 'flake8' to check Python code syntax and style conventions
[0.796s] -- Added test 'lint_cmake' to check CMake code style
[0.808s] -- Added test 'pep257' to check Python code against some of the docstring style conventions in PEP 257
[0.811s] -- Added test 'uncrustify' to check C / C++ code style
[0.811s] -- Configured uncrustify additional arguments: 
[0.814s] -- Added test 'xmllint' to check XML markup files
[0.823s] -- Configuring done
[0.853s] -- Generating done
[0.857s] -- Build files have been written to: /home/intzeme/turtlebot3_ws/build/dynamixel_sdk_examples
[0.863s] Invoked command in '/home/intzeme/turtlebot3_ws/build/dynamixel_sdk_examples' returned '0': CMAKE_PREFIX_PATH=/home/intzeme/turtlebot3_ws/install/dynamixel_sdk_custom_interfaces:/home/intzeme/turtlebot3_ws/install/dynamixel_sdk:/home/intzeme/turtlebot3_ws/install/turtlebot3:/home/intzeme/turtlebot3_ws/install/turtlebot3_bringup:/home/intzeme/turtlebot3_ws/install/turtlebot3_node:/home/intzeme/turtlebot3_ws/install/turtlebot3_navigation2:/home/intzeme/turtlebot3_ws/install/turtlebot3_msgs:/home/intzeme/turtlebot3_ws/install/turtlebot3_description:/home/intzeme/turtlebot3_ws/install/turtlebot3_cartographer:/home/intzeme/turtlebot3_ws/install/dynamixel_sdk_examples:/home/intzeme/turtlebot3_ws/install/turtlebot3_teleop:/home/intzeme/turtlebot3_ws/install/turtlebot3_example:/opt/ros/humble LD_LIBRARY_PATH=/home/intzeme/turtlebot3_ws/install/dynamixel_sdk_custom_interfaces/lib:/home/intzeme/turtlebot3_ws/install/dynamixel_sdk/lib:/home/intzeme/turtlebot3_ws/install/turtlebot3_msgs/lib:/usr/lib/x86_64-linux-gnu/gazebo-11/plugins:/opt/ros/humble/opt/rviz_ogre_vendor/lib:/opt/ros/humble/lib/x86_64-linux-gnu:/opt/ros/humble/lib:/usr/lib/x86_64-linux-gnu/gazebo-11/plugins /usr/bin/cmake /home/intzeme/turtlebot3_ws/src/DynamixelSDK/ros/dynamixel_sdk_examples -DCMAKE_INSTALL_PREFIX=/home/intzeme/turtlebot3_ws/install/dynamixel_sdk_examples
[0.864s] Invoking command in '/home/intzeme/turtlebot3_ws/build/dynamixel_sdk_examples': CMAKE_PREFIX_PATH=/home/intzeme/turtlebot3_ws/install/dynamixel_sdk_custom_interfaces:/home/intzeme/turtlebot3_ws/install/dynamixel_sdk:/home/intzeme/turtlebot3_ws/install/turtlebot3:/home/intzeme/turtlebot3_ws/install/turtlebot3_bringup:/home/intzeme/turtlebot3_ws/install/turtlebot3_node:/home/intzeme/turtlebot3_ws/install/turtlebot3_navigation2:/home/intzeme/turtlebot3_ws/install/turtlebot3_msgs:/home/intzeme/turtlebot3_ws/install/turtlebot3_description:/home/intzeme/turtlebot3_ws/install/turtlebot3_cartographer:/home/intzeme/turtlebot3_ws/install/dynamixel_sdk_examples:/home/intzeme/turtlebot3_ws/install/turtlebot3_teleop:/home/intzeme/turtlebot3_ws/install/turtlebot3_example:/opt/ros/humble LD_LIBRARY_PATH=/home/intzeme/turtlebot3_ws/install/dynamixel_sdk_custom_interfaces/lib:/home/intzeme/turtlebot3_ws/install/dynamixel_sdk/lib:/home/intzeme/turtlebot3_ws/install/turtlebot3_msgs/lib:/usr/lib/x86_64-linux-gnu/gazebo-11/plugins:/opt/ros/humble/opt/rviz_ogre_vendor/lib:/opt/ros/humble/lib/x86_64-linux-gnu:/opt/ros/humble/lib:/usr/lib/x86_64-linux-gnu/gazebo-11/plugins /usr/bin/cmake --build /home/intzeme/turtlebot3_ws/build/dynamixel_sdk_examples -- -j20 -l20
[0.896s] [35m[1mConsolidate compiler generated dependencies of target read_write_node[0m
[0.949s] [100%] Built target read_write_node
[0.957s] Invoked command in '/home/intzeme/turtlebot3_ws/build/dynamixel_sdk_examples' returned '0': CMAKE_PREFIX_PATH=/home/intzeme/turtlebot3_ws/install/dynamixel_sdk_custom_interfaces:/home/intzeme/turtlebot3_ws/install/dynamixel_sdk:/home/intzeme/turtlebot3_ws/install/turtlebot3:/home/intzeme/turtlebot3_ws/install/turtlebot3_bringup:/home/intzeme/turtlebot3_ws/install/turtlebot3_node:/home/intzeme/turtlebot3_ws/install/turtlebot3_navigation2:/home/intzeme/turtlebot3_ws/install/turtlebot3_msgs:/home/intzeme/turtlebot3_ws/install/turtlebot3_description:/home/intzeme/turtlebot3_ws/install/turtlebot3_cartographer:/home/intzeme/turtlebot3_ws/install/dynamixel_sdk_examples:/home/intzeme/turtlebot3_ws/install/turtlebot3_teleop:/home/intzeme/turtlebot3_ws/install/turtlebot3_example:/opt/ros/humble LD_LIBRARY_PATH=/home/intzeme/turtlebot3_ws/install/dynamixel_sdk_custom_interfaces/lib:/home/intzeme/turtlebot3_ws/install/dynamixel_sdk/lib:/home/intzeme/turtlebot3_ws/install/turtlebot3_msgs/lib:/usr/lib/x86_64-linux-gnu/gazebo-11/plugins:/opt/ros/humble/opt/rviz_ogre_vendor/lib:/opt/ros/humble/lib/x86_64-linux-gnu:/opt/ros/humble/lib:/usr/lib/x86_64-linux-gnu/gazebo-11/plugins /usr/bin/cmake --build /home/intzeme/turtlebot3_ws/build/dynamixel_sdk_examples -- -j20 -l20
[0.960s] Invoking command in '/home/intzeme/turtlebot3_ws/build/dynamixel_sdk_examples': CMAKE_PREFIX_PATH=/home/intzeme/turtlebot3_ws/install/dynamixel_sdk_custom_interfaces:/home/intzeme/turtlebot3_ws/install/dynamixel_sdk:/home/intzeme/turtlebot3_ws/install/turtlebot3:/home/intzeme/turtlebot3_ws/install/turtlebot3_bringup:/home/intzeme/turtlebot3_ws/install/turtlebot3_node:/home/intzeme/turtlebot3_ws/install/turtlebot3_navigation2:/home/intzeme/turtlebot3_ws/install/turtlebot3_msgs:/home/intzeme/turtlebot3_ws/install/turtlebot3_description:/home/intzeme/turtlebot3_ws/install/turtlebot3_cartographer:/home/intzeme/turtlebot3_ws/install/dynamixel_sdk_examples:/home/intzeme/turtlebot3_ws/install/turtlebot3_teleop:/home/intzeme/turtlebot3_ws/install/turtlebot3_example:/opt/ros/humble LD_LIBRARY_PATH=/home/intzeme/turtlebot3_ws/install/dynamixel_sdk_custom_interfaces/lib:/home/intzeme/turtlebot3_ws/install/dynamixel_sdk/lib:/home/intzeme/turtlebot3_ws/install/turtlebot3_msgs/lib:/usr/lib/x86_64-linux-gnu/gazebo-11/plugins:/opt/ros/humble/opt/rviz_ogre_vendor/lib:/opt/ros/humble/lib/x86_64-linux-gnu:/opt/ros/humble/lib:/usr/lib/x86_64-linux-gnu/gazebo-11/plugins /usr/bin/cmake --install /home/intzeme/turtlebot3_ws/build/dynamixel_sdk_examples
[0.966s] -- Install configuration: ""
[0.966s] -- Execute custom install script
[0.970s] -- Up-to-date symlink: /home/intzeme/turtlebot3_ws/install/dynamixel_sdk_examples/lib/dynamixel_sdk_examples/read_write_node
[0.971s] -- Up-to-date symlink: /home/intzeme/turtlebot3_ws/install/dynamixel_sdk_examples/lib/dynamixel_sdk_examples/read_write_node.py
[0.971s] -- Up-to-date symlink: /home/intzeme/turtlebot3_ws/install/dynamixel_sdk_examples/share/ament_index/resource_index/package_run_dependencies/dynamixel_sdk_examples
[0.975s] -- Up-to-date symlink: /home/intzeme/turtlebot3_ws/install/dynamixel_sdk_examples/share/ament_index/resource_index/parent_prefix_path/dynamixel_sdk_examples
[0.976s] -- Up-to-date symlink: /home/intzeme/turtlebot3_ws/install/dynamixel_sdk_examples/share/dynamixel_sdk_examples/environment/ament_prefix_path.sh
[0.976s] -- Up-to-date symlink: /home/intzeme/turtlebot3_ws/install/dynamixel_sdk_examples/share/dynamixel_sdk_examples/environment/ament_prefix_path.dsv
[0.978s] -- Up-to-date symlink: /home/intzeme/turtlebot3_ws/install/dynamixel_sdk_examples/share/dynamixel_sdk_examples/environment/path.sh
[0.978s] -- Up-to-date symlink: /home/intzeme/turtlebot3_ws/install/dynamixel_sdk_examples/share/dynamixel_sdk_examples/environment/path.dsv
[0.979s] -- Up-to-date symlink: /home/intzeme/turtlebot3_ws/install/dynamixel_sdk_examples/share/dynamixel_sdk_examples/local_setup.bash
[0.981s] -- Up-to-date symlink: /home/intzeme/turtlebot3_ws/install/dynamixel_sdk_examples/share/dynamixel_sdk_examples/local_setup.sh
[0.983s] -- Up-to-date symlink: /home/intzeme/turtlebot3_ws/install/dynamixel_sdk_examples/share/dynamixel_sdk_examples/local_setup.zsh
[0.983s] -- Up-to-date symlink: /home/intzeme/turtlebot3_ws/install/dynamixel_sdk_examples/share/dynamixel_sdk_examples/local_setup.dsv
[0.983s] -- Symlinking: /home/intzeme/turtlebot3_ws/install/dynamixel_sdk_examples/share/dynamixel_sdk_examples/package.dsv
[0.990s] -- Up-to-date symlink: /home/intzeme/turtlebot3_ws/install/dynamixel_sdk_examples/share/ament_index/resource_index/packages/dynamixel_sdk_examples
[0.993s] -- Up-to-date symlink: /home/intzeme/turtlebot3_ws/install/dynamixel_sdk_examples/share/dynamixel_sdk_examples/cmake/dynamixel_sdk_examplesConfig.cmake
[0.994s] -- Up-to-date symlink: /home/intzeme/turtlebot3_ws/install/dynamixel_sdk_examples/share/dynamixel_sdk_examples/cmake/dynamixel_sdk_examplesConfig-version.cmake
[0.994s] -- Up-to-date symlink: /home/intzeme/turtlebot3_ws/install/dynamixel_sdk_examples/share/dynamixel_sdk_examples/package.xml
[0.997s] Invoked command in '/home/intzeme/turtlebot3_ws/build/dynamixel_sdk_examples' returned '0': CMAKE_PREFIX_PATH=/home/intzeme/turtlebot3_ws/install/dynamixel_sdk_custom_interfaces:/home/intzeme/turtlebot3_ws/install/dynamixel_sdk:/home/intzeme/turtlebot3_ws/install/turtlebot3:/home/intzeme/turtlebot3_ws/install/turtlebot3_bringup:/home/intzeme/turtlebot3_ws/install/turtlebot3_node:/home/intzeme/turtlebot3_ws/install/turtlebot3_navigation2:/home/intzeme/turtlebot3_ws/install/turtlebot3_msgs:/home/intzeme/turtlebot3_ws/install/turtlebot3_description:/home/intzeme/turtlebot3_ws/install/turtlebot3_cartographer:/home/intzeme/turtlebot3_ws/install/dynamixel_sdk_examples:/home/intzeme/turtlebot3_ws/install/turtlebot3_teleop:/home/intzeme/turtlebot3_ws/install/turtlebot3_example:/opt/ros/humble LD_LIBRARY_PATH=/home/intzeme/turtlebot3_ws/install/dynamixel_sdk_custom_interfaces/lib:/home/intzeme/turtlebot3_ws/install/dynamixel_sdk/lib:/home/intzeme/turtlebot3_ws/install/turtlebot3_msgs/lib:/usr/lib/x86_64-linux-gnu/gazebo-11/plugins:/opt/ros/humble/opt/rviz_ogre_vendor/lib:/opt/ros/humble/lib/x86_64-linux-gnu:/opt/ros/humble/lib:/usr/lib/x86_64-linux-gnu/gazebo-11/plugins /usr/bin/cmake --install /home/intzeme/turtlebot3_ws/build/dynamixel_sdk_examples
