[0.016s] Invoking command in '/home/intzeme/turtlebot3_ws/build/turtlebot3_description': CMAKE_PREFIX_PATH=/opt/ros/humble /usr/bin/cmake /home/intzeme/turtlebot3_ws/src/turtlebot3/turtlebot3_description -DAMENT_CMAKE_SYMLINK_INSTALL=1 -DCMAKE_INSTALL_PREFIX=/home/intzeme/turtlebot3_ws/install/turtlebot3_description
[0.092s] -- The C compiler identification is GNU 11.4.0
[0.138s] -- The CXX compiler identification is GNU 11.4.0
[0.143s] -- Detecting C compiler ABI info
[0.187s] -- Detecting C compiler ABI info - done
[0.193s] -- Check for working C compiler: /usr/bin/cc - skipped
[0.193s] -- Detecting C compile features
[0.193s] -- Detecting C compile features - done
[0.195s] -- Detecting CXX compiler ABI info
[0.253s] -- Detecting CXX compiler ABI info - done
[0.260s] -- Check for working CXX compiler: /usr/bin/c++ - skipped
[0.260s] -- Detecting CXX compile features
[0.260s] -- Detecting CXX compile features - done
[0.261s] -- Found ament_cmake: 1.3.12 (/opt/ros/humble/share/ament_cmake/cmake)
[0.373s] -- Found Python3: /usr/bin/python3 (found version "3.10.12") found components: Interpreter 
[0.424s] -- Override CMake install command with custom implementation using symlinks instead of copying resources
[0.441s] -- Found urdf: 2.6.1 (/opt/ros/humble/share/urdf/cmake)
[0.537s] -- Configuring done
[0.538s] -- Generating done
[0.539s] -- Build files have been written to: /home/intzeme/turtlebot3_ws/build/turtlebot3_description
[0.544s] Invoked command in '/home/intzeme/turtlebot3_ws/build/turtlebot3_description' returned '0': CMAKE_PREFIX_PATH=/opt/ros/humble /usr/bin/cmake /home/intzeme/turtlebot3_ws/src/turtlebot3/turtlebot3_description -DAMENT_CMAKE_SYMLINK_INSTALL=1 -DCMAKE_INSTALL_PREFIX=/home/intzeme/turtlebot3_ws/install/turtlebot3_description
[0.546s] Invoking command in '/home/intzeme/turtlebot3_ws/build/turtlebot3_description': CMAKE_PREFIX_PATH=/opt/ros/humble /usr/bin/cmake --build /home/intzeme/turtlebot3_ws/build/turtlebot3_description -- -j20 -l20
[0.575s] Invoked command in '/home/intzeme/turtlebot3_ws/build/turtlebot3_description' returned '0': CMAKE_PREFIX_PATH=/opt/ros/humble /usr/bin/cmake --build /home/intzeme/turtlebot3_ws/build/turtlebot3_description -- -j20 -l20
[0.577s] Invoking command in '/home/intzeme/turtlebot3_ws/build/turtlebot3_description': CMAKE_PREFIX_PATH=/opt/ros/humble /usr/bin/cmake --install /home/intzeme/turtlebot3_ws/build/turtlebot3_description
[0.582s] -- Install configuration: ""
[0.582s] -- Execute custom install script
[0.582s] -- Symlinking: /home/intzeme/turtlebot3_ws/install/turtlebot3_description/share/turtlebot3_description/meshes/bases/burger_base.stl
[0.591s] -- Symlinking: /home/intzeme/turtlebot3_ws/install/turtlebot3_description/share/turtlebot3_description/meshes/bases/waffle_base.stl
[0.600s] -- Symlinking: /home/intzeme/turtlebot3_ws/install/turtlebot3_description/share/turtlebot3_description/meshes/bases/waffle_pi_base.stl
[0.609s] -- Symlinking: /home/intzeme/turtlebot3_ws/install/turtlebot3_description/share/turtlebot3_description/meshes/sensors/astra.dae
[0.618s] -- Symlinking: /home/intzeme/turtlebot3_ws/install/turtlebot3_description/share/turtlebot3_description/meshes/sensors/astra.jpg
[0.625s] -- Symlinking: /home/intzeme/turtlebot3_ws/install/turtlebot3_description/share/turtlebot3_description/meshes/sensors/lds.stl
[0.635s] -- Symlinking: /home/intzeme/turtlebot3_ws/install/turtlebot3_description/share/turtlebot3_description/meshes/sensors/r200.dae
[0.643s] -- Symlinking: /home/intzeme/turtlebot3_ws/install/turtlebot3_description/share/turtlebot3_description/meshes/sensors/r200.jpg
[0.654s] -- Symlinking: /home/intzeme/turtlebot3_ws/install/turtlebot3_description/share/turtlebot3_description/meshes/wheels/left_tire.stl
[0.662s] -- Symlinking: /home/intzeme/turtlebot3_ws/install/turtlebot3_description/share/turtlebot3_description/meshes/wheels/right_tire.stl
[0.672s] -- Symlinking: /home/intzeme/turtlebot3_ws/install/turtlebot3_description/share/turtlebot3_description/rviz/model.rviz
[0.681s] -- Symlinking: /home/intzeme/turtlebot3_ws/install/turtlebot3_description/share/turtlebot3_description/urdf/common_properties.urdf
[0.688s] -- Symlinking: /home/intzeme/turtlebot3_ws/install/turtlebot3_description/share/turtlebot3_description/urdf/turtlebot3_burger.urdf
[0.696s] -- Symlinking: /home/intzeme/turtlebot3_ws/install/turtlebot3_description/share/turtlebot3_description/urdf/turtlebot3_waffle.urdf
[0.707s] -- Symlinking: /home/intzeme/turtlebot3_ws/install/turtlebot3_description/share/turtlebot3_description/urdf/turtlebot3_waffle_pi.urdf
[0.714s] -- Symlinking: /home/intzeme/turtlebot3_ws/install/turtlebot3_description/share/ament_index/resource_index/package_run_dependencies/turtlebot3_description
[0.723s] -- Symlinking: /home/intzeme/turtlebot3_ws/install/turtlebot3_description/share/ament_index/resource_index/parent_prefix_path/turtlebot3_description
[0.732s] -- Symlinking: /home/intzeme/turtlebot3_ws/install/turtlebot3_description/share/turtlebot3_description/environment/ament_prefix_path.sh
[0.741s] -- Symlinking: /home/intzeme/turtlebot3_ws/install/turtlebot3_description/share/turtlebot3_description/environment/ament_prefix_path.dsv
[0.747s] -- Symlinking: /home/intzeme/turtlebot3_ws/install/turtlebot3_description/share/turtlebot3_description/environment/path.sh
[0.753s] -- Symlinking: /home/intzeme/turtlebot3_ws/install/turtlebot3_description/share/turtlebot3_description/environment/path.dsv
[0.760s] -- Symlinking: /home/intzeme/turtlebot3_ws/install/turtlebot3_description/share/turtlebot3_description/local_setup.bash
[0.767s] -- Symlinking: /home/intzeme/turtlebot3_ws/install/turtlebot3_description/share/turtlebot3_description/local_setup.sh
[0.776s] -- Symlinking: /home/intzeme/turtlebot3_ws/install/turtlebot3_description/share/turtlebot3_description/local_setup.zsh
[0.785s] -- Symlinking: /home/intzeme/turtlebot3_ws/install/turtlebot3_description/share/turtlebot3_description/local_setup.dsv
[0.794s] -- Symlinking: /home/intzeme/turtlebot3_ws/install/turtlebot3_description/share/turtlebot3_description/package.dsv
[0.803s] -- Symlinking: /home/intzeme/turtlebot3_ws/install/turtlebot3_description/share/ament_index/resource_index/packages/turtlebot3_description
[0.812s] -- Symlinking: /home/intzeme/turtlebot3_ws/install/turtlebot3_description/share/turtlebot3_description/cmake/turtlebot3_descriptionConfig.cmake
[0.818s] -- Symlinking: /home/intzeme/turtlebot3_ws/install/turtlebot3_description/share/turtlebot3_description/cmake/turtlebot3_descriptionConfig-version.cmake
[0.827s] -- Symlinking: /home/intzeme/turtlebot3_ws/install/turtlebot3_description/share/turtlebot3_description/package.xml
[0.838s] Invoked command in '/home/intzeme/turtlebot3_ws/build/turtlebot3_description' returned '0': CMAKE_PREFIX_PATH=/opt/ros/humble /usr/bin/cmake --install /home/intzeme/turtlebot3_ws/build/turtlebot3_description
