[0.340s] Invoking command in '/home/intzeme/turtlebot3_ws/src/Minitask3/nav_package': PYTHONPATH=/home/intzeme/turtlebot3_ws/build/nav_package/prefix_override:/usr/lib/python3/dist-packages/colcon_core/task/python/colcon_distutils_commands:/home/intzeme/turtlebot3_ws/install/nav_package/lib/python3.10/site-packages:${PYTHONPATH} /usr/bin/python3 -W ignore:setup.py install is deprecated -W ignore:easy_install command is deprecated setup.py egg_info --egg-base ../../../build/nav_package build --build-base /home/intzeme/turtlebot3_ws/build/nav_package/build install --record /home/intzeme/turtlebot3_ws/build/nav_package/install.log --single-version-externally-managed install_data
[0.472s] running egg_info
[0.473s] creating ../../../build/nav_package/nav_package.egg-info
[0.473s] writing ../../../build/nav_package/nav_package.egg-info/PKG-INFO
[0.473s] writing dependency_links to ../../../build/nav_package/nav_package.egg-info/dependency_links.txt
[0.473s] writing entry points to ../../../build/nav_package/nav_package.egg-info/entry_points.txt
[0.473s] writing requirements to ../../../build/nav_package/nav_package.egg-info/requires.txt
[0.473s] writing top-level names to ../../../build/nav_package/nav_package.egg-info/top_level.txt
[0.473s] writing manifest file '../../../build/nav_package/nav_package.egg-info/SOURCES.txt'
[0.474s] reading manifest file '../../../build/nav_package/nav_package.egg-info/SOURCES.txt'
[0.474s] adding license file 'LICENSE'
[0.474s] writing manifest file '../../../build/nav_package/nav_package.egg-info/SOURCES.txt'
[0.474s] running build
[0.474s] running build_py
[0.474s] creating /home/intzeme/turtlebot3_ws/build/nav_package/build
[0.474s] creating /home/intzeme/turtlebot3_ws/build/nav_package/build/lib
[0.475s] creating /home/intzeme/turtlebot3_ws/build/nav_package/build/lib/nav_package
[0.475s] copying nav_package/__init__.py -> /home/intzeme/turtlebot3_ws/build/nav_package/build/lib/nav_package
[0.475s] copying nav_package/nav_node.py -> /home/intzeme/turtlebot3_ws/build/nav_package/build/lib/nav_package
[0.475s] running install
[0.475s] running install_lib
[0.475s] creating /home/intzeme/turtlebot3_ws/install/nav_package/lib/python3.10/site-packages/nav_package
[0.475s] copying /home/intzeme/turtlebot3_ws/build/nav_package/build/lib/nav_package/__init__.py -> /home/intzeme/turtlebot3_ws/install/nav_package/lib/python3.10/site-packages/nav_package
[0.475s] copying /home/intzeme/turtlebot3_ws/build/nav_package/build/lib/nav_package/nav_node.py -> /home/intzeme/turtlebot3_ws/install/nav_package/lib/python3.10/site-packages/nav_package
[0.475s] byte-compiling /home/intzeme/turtlebot3_ws/install/nav_package/lib/python3.10/site-packages/nav_package/__init__.py to __init__.cpython-310.pyc
[0.476s] byte-compiling /home/intzeme/turtlebot3_ws/install/nav_package/lib/python3.10/site-packages/nav_package/nav_node.py to nav_node.cpython-310.pyc
[0.476s] running install_data
[0.476s] creating /home/intzeme/turtlebot3_ws/install/nav_package/share/ament_index
[0.476s] creating /home/intzeme/turtlebot3_ws/install/nav_package/share/ament_index/resource_index
[0.476s] creating /home/intzeme/turtlebot3_ws/install/nav_package/share/ament_index/resource_index/packages
[0.476s] copying resource/nav_package -> /home/intzeme/turtlebot3_ws/install/nav_package/share/ament_index/resource_index/packages
[0.476s] copying package.xml -> /home/intzeme/turtlebot3_ws/install/nav_package/share/nav_package
[0.476s] running install_egg_info
[0.477s] Copying ../../../build/nav_package/nav_package.egg-info to /home/intzeme/turtlebot3_ws/install/nav_package/lib/python3.10/site-packages/nav_package-0.0.0-py3.10.egg-info
[0.477s] running install_scripts
[0.488s] Installing nav_node script to /home/intzeme/turtlebot3_ws/install/nav_package/lib/nav_package
[0.488s] writing list of installed files to '/home/intzeme/turtlebot3_ws/build/nav_package/install.log'
[0.501s] Invoked command in '/home/intzeme/turtlebot3_ws/src/Minitask3/nav_package' returned '0': PYTHONPATH=/home/intzeme/turtlebot3_ws/build/nav_package/prefix_override:/usr/lib/python3/dist-packages/colcon_core/task/python/colcon_distutils_commands:/home/intzeme/turtlebot3_ws/install/nav_package/lib/python3.10/site-packages:${PYTHONPATH} /usr/bin/python3 -W ignore:setup.py install is deprecated -W ignore:easy_install command is deprecated setup.py egg_info --egg-base ../../../build/nav_package build --build-base /home/intzeme/turtlebot3_ws/build/nav_package/build install --record /home/intzeme/turtlebot3_ws/build/nav_package/install.log --single-version-externally-managed install_data
