[0.008s] Invoking command in '/home/intzeme/turtlebot3_ws/build/turtlebot3_node': AMENT_PREFIX_PATH=/home/intzeme/turtlebot3_ws/install/turtlebot3_msgs:/home/intzeme/turtlebot3_ws/install/dynamixel_sdk:${AMENT_PREFIX_PATH} CMAKE_PREFIX_PATH=/home/intzeme/turtlebot3_ws/install/turtlebot3_msgs:/home/intzeme/turtlebot3_ws/install/dynamixel_sdk:/opt/ros/humble LD_LIBRARY_PATH=/home/intzeme/turtlebot3_ws/install/turtlebot3_msgs/lib:/home/intzeme/turtlebot3_ws/install/dynamixel_sdk/lib:${LD_LIBRARY_PATH} PYTHONPATH=/home/intzeme/turtlebot3_ws/install/turtlebot3_msgs/local/lib/python3.10/dist-packages:/home/intzeme/turtlebot3_ws/install/dynamixel_sdk/local/lib/python3.10/dist-packages:${PYTHONPATH} /usr/bin/cmake /home/intzeme/turtlebot3_ws/src/turtlebot3/turtlebot3_node -DAMENT_CMAKE_SYMLINK_INSTALL=1 -DCMAKE_INSTALL_PREFIX=/home/intzeme/turtlebot3_ws/install/turtlebot3_node
[0.047s] -- The C compiler identification is GNU 11.4.0
[0.084s] -- The CXX compiler identification is GNU 11.4.0
[0.089s] -- Detecting C compiler ABI info
[0.142s] -- Detecting C compiler ABI info - done
[0.146s] -- Check for working C compiler: /usr/bin/cc - skipped
[0.146s] -- Detecting C compile features
[0.146s] -- Detecting C compile features - done
[0.149s] -- Detecting CXX compiler ABI info
[0.205s] -- Detecting CXX compiler ABI info - done
[0.212s] -- Check for working CXX compiler: /usr/bin/c++ - skipped
[0.212s] -- Detecting CXX compile features
[0.212s] -- Detecting CXX compile features - done
[0.213s] -- Found ament_cmake: 1.3.12 (/opt/ros/humble/share/ament_cmake/cmake)
[0.316s] -- Found Python3: /usr/bin/python3 (found version "3.10.12") found components: Interpreter 
[0.358s] -- Override CMake install command with custom implementation using symlinks instead of copying resources
[0.374s] -- Found dynamixel_sdk: 3.8.4 (/home/intzeme/turtlebot3_ws/install/dynamixel_sdk/share/dynamixel_sdk/cmake)
[0.376s] -- Found geometry_msgs: 4.9.0 (/opt/ros/humble/share/geometry_msgs/cmake)
[0.397s] -- Found rosidl_generator_c: 3.1.7 (/opt/ros/humble/share/rosidl_generator_c/cmake)
[0.400s] -- Found rosidl_adapter: 3.1.7 (/opt/ros/humble/share/rosidl_adapter/cmake)
[0.405s] -- Found rosidl_generator_cpp: 3.1.7 (/opt/ros/humble/share/rosidl_generator_cpp/cmake)
[0.412s] -- Using all available rosidl_typesupport_c: rosidl_typesupport_fastrtps_c;rosidl_typesupport_introspection_c
[0.421s] -- Using all available rosidl_typesupport_cpp: rosidl_typesupport_fastrtps_cpp;rosidl_typesupport_introspection_cpp
[0.444s] -- Found message_filters: 4.3.11 (/opt/ros/humble/share/message_filters/cmake)
[0.468s] -- Found rmw_implementation_cmake: 6.1.2 (/opt/ros/humble/share/rmw_implementation_cmake/cmake)
[0.469s] -- Found rmw_fastrtps_cpp: 6.2.9 (/opt/ros/humble/share/rmw_fastrtps_cpp/cmake)
[0.527s] -- Found OpenSSL: /usr/lib/x86_64-linux-gnu/libcrypto.so (found version "3.0.2")  
[0.545s] -- Found FastRTPS: /opt/ros/humble/include  
[0.572s] -- Using RMW implementation 'rmw_fastrtps_cpp' as default
[0.579s] -- Looking for pthread.h
[0.632s] -- Looking for pthread.h - found
[0.632s] -- Performing Test CMAKE_HAVE_LIBC_PTHREAD
[0.689s] -- Performing Test CMAKE_HAVE_LIBC_PTHREAD - Success
[0.690s] -- Found Threads: TRUE  
[0.714s] -- Found nav_msgs: 4.9.0 (/opt/ros/humble/share/nav_msgs/cmake)
[0.724s] -- Found sensor_msgs: 4.9.0 (/opt/ros/humble/share/sensor_msgs/cmake)
[0.734s] -- Found std_srvs: 4.9.0 (/opt/ros/humble/share/std_srvs/cmake)
[0.740s] -- Found tf2: 0.25.16 (/opt/ros/humble/share/tf2/cmake)
[0.745s] -- Found tf2_ros: 0.25.16 (/opt/ros/humble/share/tf2_ros/cmake)
[0.795s] -- Found turtlebot3_msgs: 2.4.0 (/home/intzeme/turtlebot3_ws/install/turtlebot3_msgs/share/turtlebot3_msgs/cmake)
[0.848s] -- Configuring done
[0.858s] -- Generating done
[0.861s] -- Build files have been written to: /home/intzeme/turtlebot3_ws/build/turtlebot3_node
[0.867s] Invoked command in '/home/intzeme/turtlebot3_ws/build/turtlebot3_node' returned '0': AMENT_PREFIX_PATH=/home/intzeme/turtlebot3_ws/install/turtlebot3_msgs:/home/intzeme/turtlebot3_ws/install/dynamixel_sdk:${AMENT_PREFIX_PATH} CMAKE_PREFIX_PATH=/home/intzeme/turtlebot3_ws/install/turtlebot3_msgs:/home/intzeme/turtlebot3_ws/install/dynamixel_sdk:/opt/ros/humble LD_LIBRARY_PATH=/home/intzeme/turtlebot3_ws/install/turtlebot3_msgs/lib:/home/intzeme/turtlebot3_ws/install/dynamixel_sdk/lib:${LD_LIBRARY_PATH} PYTHONPATH=/home/intzeme/turtlebot3_ws/install/turtlebot3_msgs/local/lib/python3.10/dist-packages:/home/intzeme/turtlebot3_ws/install/dynamixel_sdk/local/lib/python3.10/dist-packages:${PYTHONPATH} /usr/bin/cmake /home/intzeme/turtlebot3_ws/src/turtlebot3/turtlebot3_node -DAMENT_CMAKE_SYMLINK_INSTALL=1 -DCMAKE_INSTALL_PREFIX=/home/intzeme/turtlebot3_ws/install/turtlebot3_node
[0.868s] Invoking command in '/home/intzeme/turtlebot3_ws/build/turtlebot3_node': AMENT_PREFIX_PATH=/home/intzeme/turtlebot3_ws/install/turtlebot3_msgs:/home/intzeme/turtlebot3_ws/install/dynamixel_sdk:${AMENT_PREFIX_PATH} CMAKE_PREFIX_PATH=/home/intzeme/turtlebot3_ws/install/turtlebot3_msgs:/home/intzeme/turtlebot3_ws/install/dynamixel_sdk:/opt/ros/humble LD_LIBRARY_PATH=/home/intzeme/turtlebot3_ws/install/turtlebot3_msgs/lib:/home/intzeme/turtlebot3_ws/install/dynamixel_sdk/lib:${LD_LIBRARY_PATH} PYTHONPATH=/home/intzeme/turtlebot3_ws/install/turtlebot3_msgs/local/lib/python3.10/dist-packages:/home/intzeme/turtlebot3_ws/install/dynamixel_sdk/local/lib/python3.10/dist-packages:${PYTHONPATH} /usr/bin/cmake --build /home/intzeme/turtlebot3_ws/build/turtlebot3_node -- -j20 -l20
[0.908s] [ 35%] [32mBuilding CXX object CMakeFiles/turtlebot3_node_lib.dir/src/turtlebot3.cpp.o[0m
[0.908s] [ 35%] [32mBuilding CXX object CMakeFiles/turtlebot3_node_lib.dir/src/odometry.cpp.o[0m
[0.908s] [ 35%] [32mBuilding CXX object CMakeFiles/turtlebot3_node_lib.dir/src/diff_drive_controller.cpp.o[0m
[0.908s] [ 35%] [32mBuilding CXX object CMakeFiles/turtlebot3_node_lib.dir/src/dynamixel_sdk_wrapper.cpp.o[0m
[0.908s] [ 35%] [32mBuilding CXX object CMakeFiles/turtlebot3_node_lib.dir/src/sensors/imu.cpp.o[0m
[0.908s] [ 50%] [32mBuilding CXX object CMakeFiles/turtlebot3_node_lib.dir/src/devices/motor_power.cpp.o[0m
[0.908s] [ 50%] [32mBuilding CXX object CMakeFiles/turtlebot3_node_lib.dir/src/devices/sound.cpp.o[0m
[0.909s] [ 57%] [32mBuilding CXX object CMakeFiles/turtlebot3_node_lib.dir/src/devices/reset.cpp.o[0m
[0.910s] [ 64%] [32mBuilding CXX object CMakeFiles/turtlebot3_node_lib.dir/src/sensors/battery_state.cpp.o[0m
[0.910s] [ 71%] [32mBuilding CXX object CMakeFiles/turtlebot3_node_lib.dir/src/sensors/joint_state.cpp.o[0m
[0.911s] [ 78%] [32mBuilding CXX object CMakeFiles/turtlebot3_node_lib.dir/src/sensors/sensor_state.cpp.o[0m
[10.812s] [ 85%] [32m[1mLinking CXX static library libturtlebot3_node_lib.a[0m
[11.147s] [ 85%] Built target turtlebot3_node_lib
[11.162s] [ 92%] [32mBuilding CXX object CMakeFiles/turtlebot3_ros.dir/src/node_main.cpp.o[0m
[13.061s] [100%] [32m[1mLinking CXX executable turtlebot3_ros[0m
[14.100s] [100%] Built target turtlebot3_ros
[14.109s] Invoked command in '/home/intzeme/turtlebot3_ws/build/turtlebot3_node' returned '0': AMENT_PREFIX_PATH=/home/intzeme/turtlebot3_ws/install/turtlebot3_msgs:/home/intzeme/turtlebot3_ws/install/dynamixel_sdk:${AMENT_PREFIX_PATH} CMAKE_PREFIX_PATH=/home/intzeme/turtlebot3_ws/install/turtlebot3_msgs:/home/intzeme/turtlebot3_ws/install/dynamixel_sdk:/opt/ros/humble LD_LIBRARY_PATH=/home/intzeme/turtlebot3_ws/install/turtlebot3_msgs/lib:/home/intzeme/turtlebot3_ws/install/dynamixel_sdk/lib:${LD_LIBRARY_PATH} PYTHONPATH=/home/intzeme/turtlebot3_ws/install/turtlebot3_msgs/local/lib/python3.10/dist-packages:/home/intzeme/turtlebot3_ws/install/dynamixel_sdk/local/lib/python3.10/dist-packages:${PYTHONPATH} /usr/bin/cmake --build /home/intzeme/turtlebot3_ws/build/turtlebot3_node -- -j20 -l20
[14.111s] Invoking command in '/home/intzeme/turtlebot3_ws/build/turtlebot3_node': AMENT_PREFIX_PATH=/home/intzeme/turtlebot3_ws/install/turtlebot3_msgs:/home/intzeme/turtlebot3_ws/install/dynamixel_sdk:${AMENT_PREFIX_PATH} CMAKE_PREFIX_PATH=/home/intzeme/turtlebot3_ws/install/turtlebot3_msgs:/home/intzeme/turtlebot3_ws/install/dynamixel_sdk:/opt/ros/humble LD_LIBRARY_PATH=/home/intzeme/turtlebot3_ws/install/turtlebot3_msgs/lib:/home/intzeme/turtlebot3_ws/install/dynamixel_sdk/lib:${LD_LIBRARY_PATH} PYTHONPATH=/home/intzeme/turtlebot3_ws/install/turtlebot3_msgs/local/lib/python3.10/dist-packages:/home/intzeme/turtlebot3_ws/install/dynamixel_sdk/local/lib/python3.10/dist-packages:${PYTHONPATH} /usr/bin/cmake --install /home/intzeme/turtlebot3_ws/build/turtlebot3_node
[14.115s] -- Install configuration: ""
[14.115s] -- Execute custom install script
[14.115s] -- Symlinking: /home/intzeme/turtlebot3_ws/install/turtlebot3_node/share/turtlebot3_node/param/burger.yaml
[14.122s] -- Symlinking: /home/intzeme/turtlebot3_ws/install/turtlebot3_node/share/turtlebot3_node/param/waffle.yaml
[14.129s] -- Symlinking: /home/intzeme/turtlebot3_ws/install/turtlebot3_node/share/turtlebot3_node/param/waffle_pi.yaml
[14.134s] -- Symlinking: /home/intzeme/turtlebot3_ws/install/turtlebot3_node/lib/turtlebot3_node/turtlebot3_ros
[14.141s] -- Symlinking: /home/intzeme/turtlebot3_ws/install/turtlebot3_node/share/ament_index/resource_index/package_run_dependencies/turtlebot3_node
[14.147s] -- Symlinking: /home/intzeme/turtlebot3_ws/install/turtlebot3_node/share/ament_index/resource_index/parent_prefix_path/turtlebot3_node
[14.152s] -- Symlinking: /home/intzeme/turtlebot3_ws/install/turtlebot3_node/share/turtlebot3_node/environment/ament_prefix_path.sh
[14.159s] -- Symlinking: /home/intzeme/turtlebot3_ws/install/turtlebot3_node/share/turtlebot3_node/environment/ament_prefix_path.dsv
[14.167s] -- Symlinking: /home/intzeme/turtlebot3_ws/install/turtlebot3_node/share/turtlebot3_node/environment/path.sh
[14.175s] -- Symlinking: /home/intzeme/turtlebot3_ws/install/turtlebot3_node/share/turtlebot3_node/environment/path.dsv
[14.185s] -- Symlinking: /home/intzeme/turtlebot3_ws/install/turtlebot3_node/share/turtlebot3_node/local_setup.bash
[14.191s] -- Symlinking: /home/intzeme/turtlebot3_ws/install/turtlebot3_node/share/turtlebot3_node/local_setup.sh
[14.196s] -- Symlinking: /home/intzeme/turtlebot3_ws/install/turtlebot3_node/share/turtlebot3_node/local_setup.zsh
[14.202s] -- Symlinking: /home/intzeme/turtlebot3_ws/install/turtlebot3_node/share/turtlebot3_node/local_setup.dsv
[14.209s] -- Symlinking: /home/intzeme/turtlebot3_ws/install/turtlebot3_node/share/turtlebot3_node/package.dsv
[14.214s] -- Symlinking: /home/intzeme/turtlebot3_ws/install/turtlebot3_node/share/ament_index/resource_index/packages/turtlebot3_node
[14.219s] -- Symlinking: /home/intzeme/turtlebot3_ws/install/turtlebot3_node/share/turtlebot3_node/cmake/ament_cmake_export_dependencies-extras.cmake
[14.225s] -- Symlinking: /home/intzeme/turtlebot3_ws/install/turtlebot3_node/share/turtlebot3_node/cmake/ament_cmake_export_include_directories-extras.cmake
[14.230s] -- Symlinking: /home/intzeme/turtlebot3_ws/install/turtlebot3_node/share/turtlebot3_node/cmake/turtlebot3_nodeConfig.cmake
[14.236s] -- Symlinking: /home/intzeme/turtlebot3_ws/install/turtlebot3_node/share/turtlebot3_node/cmake/turtlebot3_nodeConfig-version.cmake
[14.242s] -- Symlinking: /home/intzeme/turtlebot3_ws/install/turtlebot3_node/share/turtlebot3_node/package.xml
[14.251s] Invoked command in '/home/intzeme/turtlebot3_ws/build/turtlebot3_node' returned '0': AMENT_PREFIX_PATH=/home/intzeme/turtlebot3_ws/install/turtlebot3_msgs:/home/intzeme/turtlebot3_ws/install/dynamixel_sdk:${AMENT_PREFIX_PATH} CMAKE_PREFIX_PATH=/home/intzeme/turtlebot3_ws/install/turtlebot3_msgs:/home/intzeme/turtlebot3_ws/install/dynamixel_sdk:/opt/ros/humble LD_LIBRARY_PATH=/home/intzeme/turtlebot3_ws/install/turtlebot3_msgs/lib:/home/intzeme/turtlebot3_ws/install/dynamixel_sdk/lib:${LD_LIBRARY_PATH} PYTHONPATH=/home/intzeme/turtlebot3_ws/install/turtlebot3_msgs/local/lib/python3.10/dist-packages:/home/intzeme/turtlebot3_ws/install/dynamixel_sdk/local/lib/python3.10/dist-packages:${PYTHONPATH} /usr/bin/cmake --install /home/intzeme/turtlebot3_ws/build/turtlebot3_node
