[0.009s] Invoking command in '/home/intzeme/turtlebot3_ws/build/dynamixel_sdk_examples': AMENT_PREFIX_PATH=/home/intzeme/turtlebot3_ws/install/dynamixel_sdk_custom_interfaces:/home/intzeme/turtlebot3_ws/install/dynamixel_sdk:${AMENT_PREFIX_PATH} CMAKE_PREFIX_PATH=/home/intzeme/turtlebot3_ws/install/dynamixel_sdk_custom_interfaces:/home/intzeme/turtlebot3_ws/install/dynamixel_sdk:/opt/ros/humble LD_LIBRARY_PATH=/home/intzeme/turtlebot3_ws/install/dynamixel_sdk_custom_interfaces/lib:/home/intzeme/turtlebot3_ws/install/dynamixel_sdk/lib:${LD_LIBRARY_PATH} PYTHONPATH=/home/intzeme/turtlebot3_ws/install/dynamixel_sdk_custom_interfaces/local/lib/python3.10/dist-packages:/home/intzeme/turtlebot3_ws/install/dynamixel_sdk/local/lib/python3.10/dist-packages:${PYTHONPATH} /usr/bin/cmake /home/intzeme/turtlebot3_ws/src/DynamixelSDK/ros/dynamixel_sdk_examples -DAMENT_CMAKE_SYMLINK_INSTALL=1 -DCMAKE_INSTALL_PREFIX=/home/intzeme/turtlebot3_ws/install/dynamixel_sdk_examples
[0.046s] -- The C compiler identification is GNU 11.4.0
[0.085s] -- The CXX compiler identification is GNU 11.4.0
[0.090s] -- Detecting C compiler ABI info
[0.142s] -- Detecting C compiler ABI info - done
[0.147s] -- Check for working C compiler: /usr/bin/cc - skipped
[0.147s] -- Detecting C compile features
[0.147s] -- Detecting C compile features - done
[0.149s] -- Detecting CXX compiler ABI info
[0.208s] -- Detecting CXX compiler ABI info - done
[0.214s] -- Check for working CXX compiler: /usr/bin/c++ - skipped
[0.214s] -- Detecting CXX compile features
[0.215s] -- Detecting CXX compile features - done
[0.216s] -- Found ament_cmake: 1.3.12 (/opt/ros/humble/share/ament_cmake/cmake)
[0.332s] -- Found Python3: /usr/bin/python3 (found version "3.10.12") found components: Interpreter 
[0.375s] -- Override CMake install command with custom implementation using symlinks instead of copying resources
[0.392s] -- Found dynamixel_sdk: 3.8.4 (/home/intzeme/turtlebot3_ws/install/dynamixel_sdk/share/dynamixel_sdk/cmake)
[0.393s] -- Found dynamixel_sdk_custom_interfaces: 3.8.4 (/home/intzeme/turtlebot3_ws/install/dynamixel_sdk_custom_interfaces/share/dynamixel_sdk_custom_interfaces/cmake)
[0.415s] -- Found rosidl_generator_c: 3.1.7 (/opt/ros/humble/share/rosidl_generator_c/cmake)
[0.418s] -- Found rosidl_adapter: 3.1.7 (/opt/ros/humble/share/rosidl_adapter/cmake)
[0.423s] -- Found rosidl_generator_cpp: 3.1.7 (/opt/ros/humble/share/rosidl_generator_cpp/cmake)
[0.431s] -- Using all available rosidl_typesupport_c: rosidl_typesupport_fastrtps_c;rosidl_typesupport_introspection_c
[0.441s] -- Using all available rosidl_typesupport_cpp: rosidl_typesupport_fastrtps_cpp;rosidl_typesupport_introspection_cpp
[0.457s] -- Found rclcpp: 16.0.15 (/opt/ros/humble/share/rclcpp/cmake)
[0.479s] -- Found rmw_implementation_cmake: 6.1.2 (/opt/ros/humble/share/rmw_implementation_cmake/cmake)
[0.481s] -- Found rmw_fastrtps_cpp: 6.2.9 (/opt/ros/humble/share/rmw_fastrtps_cpp/cmake)
[0.544s] -- Found OpenSSL: /usr/lib/x86_64-linux-gnu/libcrypto.so (found version "3.0.2")  
[0.566s] -- Found FastRTPS: /opt/ros/humble/include  
[0.597s] -- Using RMW implementation 'rmw_fastrtps_cpp' as default
[0.606s] -- Looking for pthread.h
[0.662s] -- Looking for pthread.h - found
[0.663s] -- Performing Test CMAKE_HAVE_LIBC_PTHREAD
[0.719s] -- Performing Test CMAKE_HAVE_LIBC_PTHREAD - Success
[0.720s] -- Found Threads: TRUE  
[0.754s] -- Found rclpy: 3.3.17 (/opt/ros/humble/share/rclpy/cmake)
[0.755s] -- Found ament_lint_auto: 0.12.14 (/opt/ros/humble/share/ament_lint_auto/cmake)
[0.806s] -- Added test 'copyright' to check source files copyright and LICENSE
[0.807s] -- Added test 'cppcheck' to perform static code analysis on C / C++ code
[0.807s] -- Configured cppcheck include dirs: /home/intzeme/turtlebot3_ws/src/DynamixelSDK/ros/dynamixel_sdk_examples/include
[0.807s] -- Configured cppcheck exclude dirs and/or files: 
[0.807s] -- Added test 'cpplint' to check C / C++ code against the Google style
[0.807s] -- Configured cpplint exclude dirs and/or files: 
[0.808s] -- Added test 'flake8' to check Python code syntax and style conventions
[0.808s] -- Added test 'lint_cmake' to check CMake code style
[0.808s] -- Added test 'pep257' to check Python code against some of the docstring style conventions in PEP 257
[0.808s] -- Added test 'uncrustify' to check C / C++ code style
[0.808s] -- Configured uncrustify additional arguments: 
[0.809s] -- Added test 'xmllint' to check XML markup files
[0.809s] -- Configuring done
[0.814s] -- Generating done
[0.816s] -- Build files have been written to: /home/intzeme/turtlebot3_ws/build/dynamixel_sdk_examples
[0.824s] Invoked command in '/home/intzeme/turtlebot3_ws/build/dynamixel_sdk_examples' returned '0': AMENT_PREFIX_PATH=/home/intzeme/turtlebot3_ws/install/dynamixel_sdk_custom_interfaces:/home/intzeme/turtlebot3_ws/install/dynamixel_sdk:${AMENT_PREFIX_PATH} CMAKE_PREFIX_PATH=/home/intzeme/turtlebot3_ws/install/dynamixel_sdk_custom_interfaces:/home/intzeme/turtlebot3_ws/install/dynamixel_sdk:/opt/ros/humble LD_LIBRARY_PATH=/home/intzeme/turtlebot3_ws/install/dynamixel_sdk_custom_interfaces/lib:/home/intzeme/turtlebot3_ws/install/dynamixel_sdk/lib:${LD_LIBRARY_PATH} PYTHONPATH=/home/intzeme/turtlebot3_ws/install/dynamixel_sdk_custom_interfaces/local/lib/python3.10/dist-packages:/home/intzeme/turtlebot3_ws/install/dynamixel_sdk/local/lib/python3.10/dist-packages:${PYTHONPATH} /usr/bin/cmake /home/intzeme/turtlebot3_ws/src/DynamixelSDK/ros/dynamixel_sdk_examples -DAMENT_CMAKE_SYMLINK_INSTALL=1 -DCMAKE_INSTALL_PREFIX=/home/intzeme/turtlebot3_ws/install/dynamixel_sdk_examples
[0.825s] Invoking command in '/home/intzeme/turtlebot3_ws/build/dynamixel_sdk_examples': AMENT_PREFIX_PATH=/home/intzeme/turtlebot3_ws/install/dynamixel_sdk_custom_interfaces:/home/intzeme/turtlebot3_ws/install/dynamixel_sdk:${AMENT_PREFIX_PATH} CMAKE_PREFIX_PATH=/home/intzeme/turtlebot3_ws/install/dynamixel_sdk_custom_interfaces:/home/intzeme/turtlebot3_ws/install/dynamixel_sdk:/opt/ros/humble LD_LIBRARY_PATH=/home/intzeme/turtlebot3_ws/install/dynamixel_sdk_custom_interfaces/lib:/home/intzeme/turtlebot3_ws/install/dynamixel_sdk/lib:${LD_LIBRARY_PATH} PYTHONPATH=/home/intzeme/turtlebot3_ws/install/dynamixel_sdk_custom_interfaces/local/lib/python3.10/dist-packages:/home/intzeme/turtlebot3_ws/install/dynamixel_sdk/local/lib/python3.10/dist-packages:${PYTHONPATH} /usr/bin/cmake --build /home/intzeme/turtlebot3_ws/build/dynamixel_sdk_examples -- -j20 -l20
[0.863s] [ 50%] [32mBuilding CXX object CMakeFiles/read_write_node.dir/src/read_write_node.cpp.o[0m
[6.470s] [100%] [32m[1mLinking CXX executable read_write_node[0m
[6.730s] [100%] Built target read_write_node
[6.737s] Invoked command in '/home/intzeme/turtlebot3_ws/build/dynamixel_sdk_examples' returned '0': AMENT_PREFIX_PATH=/home/intzeme/turtlebot3_ws/install/dynamixel_sdk_custom_interfaces:/home/intzeme/turtlebot3_ws/install/dynamixel_sdk:${AMENT_PREFIX_PATH} CMAKE_PREFIX_PATH=/home/intzeme/turtlebot3_ws/install/dynamixel_sdk_custom_interfaces:/home/intzeme/turtlebot3_ws/install/dynamixel_sdk:/opt/ros/humble LD_LIBRARY_PATH=/home/intzeme/turtlebot3_ws/install/dynamixel_sdk_custom_interfaces/lib:/home/intzeme/turtlebot3_ws/install/dynamixel_sdk/lib:${LD_LIBRARY_PATH} PYTHONPATH=/home/intzeme/turtlebot3_ws/install/dynamixel_sdk_custom_interfaces/local/lib/python3.10/dist-packages:/home/intzeme/turtlebot3_ws/install/dynamixel_sdk/local/lib/python3.10/dist-packages:${PYTHONPATH} /usr/bin/cmake --build /home/intzeme/turtlebot3_ws/build/dynamixel_sdk_examples -- -j20 -l20
[6.739s] Invoking command in '/home/intzeme/turtlebot3_ws/build/dynamixel_sdk_examples': AMENT_PREFIX_PATH=/home/intzeme/turtlebot3_ws/install/dynamixel_sdk_custom_interfaces:/home/intzeme/turtlebot3_ws/install/dynamixel_sdk:${AMENT_PREFIX_PATH} CMAKE_PREFIX_PATH=/home/intzeme/turtlebot3_ws/install/dynamixel_sdk_custom_interfaces:/home/intzeme/turtlebot3_ws/install/dynamixel_sdk:/opt/ros/humble LD_LIBRARY_PATH=/home/intzeme/turtlebot3_ws/install/dynamixel_sdk_custom_interfaces/lib:/home/intzeme/turtlebot3_ws/install/dynamixel_sdk/lib:${LD_LIBRARY_PATH} PYTHONPATH=/home/intzeme/turtlebot3_ws/install/dynamixel_sdk_custom_interfaces/local/lib/python3.10/dist-packages:/home/intzeme/turtlebot3_ws/install/dynamixel_sdk/local/lib/python3.10/dist-packages:${PYTHONPATH} /usr/bin/cmake --install /home/intzeme/turtlebot3_ws/build/dynamixel_sdk_examples
[6.743s] -- Install configuration: ""
[6.743s] -- Execute custom install script
[6.743s] -- Symlinking: /home/intzeme/turtlebot3_ws/install/dynamixel_sdk_examples/lib/dynamixel_sdk_examples/read_write_node
[6.750s] -- Symlinking: /home/intzeme/turtlebot3_ws/install/dynamixel_sdk_examples/lib/dynamixel_sdk_examples/read_write_node.py
[6.759s] -- Symlinking: /home/intzeme/turtlebot3_ws/install/dynamixel_sdk_examples/share/ament_index/resource_index/package_run_dependencies/dynamixel_sdk_examples
[6.767s] -- Symlinking: /home/intzeme/turtlebot3_ws/install/dynamixel_sdk_examples/share/ament_index/resource_index/parent_prefix_path/dynamixel_sdk_examples
[6.775s] -- Symlinking: /home/intzeme/turtlebot3_ws/install/dynamixel_sdk_examples/share/dynamixel_sdk_examples/environment/ament_prefix_path.sh
[6.782s] -- Symlinking: /home/intzeme/turtlebot3_ws/install/dynamixel_sdk_examples/share/dynamixel_sdk_examples/environment/ament_prefix_path.dsv
[6.788s] -- Symlinking: /home/intzeme/turtlebot3_ws/install/dynamixel_sdk_examples/share/dynamixel_sdk_examples/environment/path.sh
[6.796s] -- Symlinking: /home/intzeme/turtlebot3_ws/install/dynamixel_sdk_examples/share/dynamixel_sdk_examples/environment/path.dsv
[6.804s] -- Symlinking: /home/intzeme/turtlebot3_ws/install/dynamixel_sdk_examples/share/dynamixel_sdk_examples/local_setup.bash
[6.809s] -- Symlinking: /home/intzeme/turtlebot3_ws/install/dynamixel_sdk_examples/share/dynamixel_sdk_examples/local_setup.sh
[6.817s] -- Symlinking: /home/intzeme/turtlebot3_ws/install/dynamixel_sdk_examples/share/dynamixel_sdk_examples/local_setup.zsh
[6.826s] -- Symlinking: /home/intzeme/turtlebot3_ws/install/dynamixel_sdk_examples/share/dynamixel_sdk_examples/local_setup.dsv
[6.834s] -- Symlinking: /home/intzeme/turtlebot3_ws/install/dynamixel_sdk_examples/share/dynamixel_sdk_examples/package.dsv
[6.841s] -- Symlinking: /home/intzeme/turtlebot3_ws/install/dynamixel_sdk_examples/share/ament_index/resource_index/packages/dynamixel_sdk_examples
[6.848s] -- Symlinking: /home/intzeme/turtlebot3_ws/install/dynamixel_sdk_examples/share/dynamixel_sdk_examples/cmake/dynamixel_sdk_examplesConfig.cmake
[6.856s] -- Symlinking: /home/intzeme/turtlebot3_ws/install/dynamixel_sdk_examples/share/dynamixel_sdk_examples/cmake/dynamixel_sdk_examplesConfig-version.cmake
[6.863s] -- Symlinking: /home/intzeme/turtlebot3_ws/install/dynamixel_sdk_examples/share/dynamixel_sdk_examples/package.xml
[6.870s] Invoked command in '/home/intzeme/turtlebot3_ws/build/dynamixel_sdk_examples' returned '0': AMENT_PREFIX_PATH=/home/intzeme/turtlebot3_ws/install/dynamixel_sdk_custom_interfaces:/home/intzeme/turtlebot3_ws/install/dynamixel_sdk:${AMENT_PREFIX_PATH} CMAKE_PREFIX_PATH=/home/intzeme/turtlebot3_ws/install/dynamixel_sdk_custom_interfaces:/home/intzeme/turtlebot3_ws/install/dynamixel_sdk:/opt/ros/humble LD_LIBRARY_PATH=/home/intzeme/turtlebot3_ws/install/dynamixel_sdk_custom_interfaces/lib:/home/intzeme/turtlebot3_ws/install/dynamixel_sdk/lib:${LD_LIBRARY_PATH} PYTHONPATH=/home/intzeme/turtlebot3_ws/install/dynamixel_sdk_custom_interfaces/local/lib/python3.10/dist-packages:/home/intzeme/turtlebot3_ws/install/dynamixel_sdk/local/lib/python3.10/dist-packages:${PYTHONPATH} /usr/bin/cmake --install /home/intzeme/turtlebot3_ws/build/dynamixel_sdk_examples
