[0.020s] Invoking command in '/home/intzeme/turtlebot3_ws/build/turtlebot3_node': CMAKE_PREFIX_PATH=/home/intzeme/turtlebot3_ws/install/turtlebot3_msgs:/home/intzeme/turtlebot3_ws/install/dynamixel_sdk:/home/intzeme/turtlebot3_ws/install/turtlebot3:/home/intzeme/turtlebot3_ws/install/turtlebot3_bringup:/home/intzeme/turtlebot3_ws/install/turtlebot3_node:/home/intzeme/turtlebot3_ws/install/turtlebot3_navigation2:/home/intzeme/turtlebot3_ws/install/turtlebot3_description:/home/intzeme/turtlebot3_ws/install/turtlebot3_cartographer:/home/intzeme/turtlebot3_ws/install/dynamixel_sdk_examples:/home/intzeme/turtlebot3_ws/install/dynamixel_sdk_custom_interfaces:/home/intzeme/turtlebot3_ws/install/turtlebot3_teleop:/home/intzeme/turtlebot3_ws/install/turtlebot3_example:/opt/ros/humble LD_LIBRARY_PATH=/home/intzeme/turtlebot3_ws/install/turtlebot3_msgs/lib:/home/intzeme/turtlebot3_ws/install/dynamixel_sdk/lib:/home/intzeme/turtlebot3_ws/install/dynamixel_sdk_custom_interfaces/lib:/usr/lib/x86_64-linux-gnu/gazebo-11/plugins:/opt/ros/humble/opt/rviz_ogre_vendor/lib:/opt/ros/humble/lib/x86_64-linux-gnu:/opt/ros/humble/lib:/usr/lib/x86_64-linux-gnu/gazebo-11/plugins /usr/bin/cmake /home/intzeme/turtlebot3_ws/src/turtlebot3/turtlebot3_node -DCMAKE_INSTALL_PREFIX=/home/intzeme/turtlebot3_ws/install/turtlebot3_node
[0.037s] -- Found ament_cmake: 1.3.12 (/opt/ros/humble/share/ament_cmake/cmake)
[0.132s] -- Override CMake install command with custom implementation using symlinks instead of copying resources
[0.140s] -- Found dynamixel_sdk: 3.8.4 (/home/intzeme/turtlebot3_ws/install/dynamixel_sdk/share/dynamixel_sdk/cmake)
[0.140s] -- Found geometry_msgs: 4.9.0 (/opt/ros/humble/share/geometry_msgs/cmake)
[0.155s] -- Found rosidl_generator_c: 3.1.7 (/opt/ros/humble/share/rosidl_generator_c/cmake)
[0.157s] -- Found rosidl_adapter: 3.1.7 (/opt/ros/humble/share/rosidl_adapter/cmake)
[0.160s] -- Found rosidl_generator_cpp: 3.1.7 (/opt/ros/humble/share/rosidl_generator_cpp/cmake)
[0.166s] -- Using all available rosidl_typesupport_c: rosidl_typesupport_fastrtps_c;rosidl_typesupport_introspection_c
[0.173s] -- Using all available rosidl_typesupport_cpp: rosidl_typesupport_fastrtps_cpp;rosidl_typesupport_introspection_cpp
[0.199s] -- Found message_filters: 4.3.11 (/opt/ros/humble/share/message_filters/cmake)
[0.228s] -- Found rmw_implementation_cmake: 6.1.2 (/opt/ros/humble/share/rmw_implementation_cmake/cmake)
[0.229s] -- Found rmw_fastrtps_cpp: 6.2.9 (/opt/ros/humble/share/rmw_fastrtps_cpp/cmake)
[0.303s] -- Using RMW implementation 'rmw_fastrtps_cpp' as default
[0.332s] -- Found nav_msgs: 4.9.0 (/opt/ros/humble/share/nav_msgs/cmake)
[0.383s] -- Found sensor_msgs: 4.9.0 (/opt/ros/humble/share/sensor_msgs/cmake)
[0.438s] -- Found std_srvs: 4.9.0 (/opt/ros/humble/share/std_srvs/cmake)
[0.479s] -- Found tf2: 0.25.16 (/opt/ros/humble/share/tf2/cmake)
[0.494s] -- Found tf2_ros: 0.25.16 (/opt/ros/humble/share/tf2_ros/cmake)
[0.674s] -- Found turtlebot3_msgs: 2.4.0 (/home/intzeme/turtlebot3_ws/install/turtlebot3_msgs/share/turtlebot3_msgs/cmake)
[0.774s] -- Configuring done
[0.828s] -- Generating done
[0.833s] -- Build files have been written to: /home/intzeme/turtlebot3_ws/build/turtlebot3_node
[0.841s] Invoked command in '/home/intzeme/turtlebot3_ws/build/turtlebot3_node' returned '0': CMAKE_PREFIX_PATH=/home/intzeme/turtlebot3_ws/install/turtlebot3_msgs:/home/intzeme/turtlebot3_ws/install/dynamixel_sdk:/home/intzeme/turtlebot3_ws/install/turtlebot3:/home/intzeme/turtlebot3_ws/install/turtlebot3_bringup:/home/intzeme/turtlebot3_ws/install/turtlebot3_node:/home/intzeme/turtlebot3_ws/install/turtlebot3_navigation2:/home/intzeme/turtlebot3_ws/install/turtlebot3_description:/home/intzeme/turtlebot3_ws/install/turtlebot3_cartographer:/home/intzeme/turtlebot3_ws/install/dynamixel_sdk_examples:/home/intzeme/turtlebot3_ws/install/dynamixel_sdk_custom_interfaces:/home/intzeme/turtlebot3_ws/install/turtlebot3_teleop:/home/intzeme/turtlebot3_ws/install/turtlebot3_example:/opt/ros/humble LD_LIBRARY_PATH=/home/intzeme/turtlebot3_ws/install/turtlebot3_msgs/lib:/home/intzeme/turtlebot3_ws/install/dynamixel_sdk/lib:/home/intzeme/turtlebot3_ws/install/dynamixel_sdk_custom_interfaces/lib:/usr/lib/x86_64-linux-gnu/gazebo-11/plugins:/opt/ros/humble/opt/rviz_ogre_vendor/lib:/opt/ros/humble/lib/x86_64-linux-gnu:/opt/ros/humble/lib:/usr/lib/x86_64-linux-gnu/gazebo-11/plugins /usr/bin/cmake /home/intzeme/turtlebot3_ws/src/turtlebot3/turtlebot3_node -DCMAKE_INSTALL_PREFIX=/home/intzeme/turtlebot3_ws/install/turtlebot3_node
[0.842s] Invoking command in '/home/intzeme/turtlebot3_ws/build/turtlebot3_node': CMAKE_PREFIX_PATH=/home/intzeme/turtlebot3_ws/install/turtlebot3_msgs:/home/intzeme/turtlebot3_ws/install/dynamixel_sdk:/home/intzeme/turtlebot3_ws/install/turtlebot3:/home/intzeme/turtlebot3_ws/install/turtlebot3_bringup:/home/intzeme/turtlebot3_ws/install/turtlebot3_node:/home/intzeme/turtlebot3_ws/install/turtlebot3_navigation2:/home/intzeme/turtlebot3_ws/install/turtlebot3_description:/home/intzeme/turtlebot3_ws/install/turtlebot3_cartographer:/home/intzeme/turtlebot3_ws/install/dynamixel_sdk_examples:/home/intzeme/turtlebot3_ws/install/dynamixel_sdk_custom_interfaces:/home/intzeme/turtlebot3_ws/install/turtlebot3_teleop:/home/intzeme/turtlebot3_ws/install/turtlebot3_example:/opt/ros/humble LD_LIBRARY_PATH=/home/intzeme/turtlebot3_ws/install/turtlebot3_msgs/lib:/home/intzeme/turtlebot3_ws/install/dynamixel_sdk/lib:/home/intzeme/turtlebot3_ws/install/dynamixel_sdk_custom_interfaces/lib:/usr/lib/x86_64-linux-gnu/gazebo-11/plugins:/opt/ros/humble/opt/rviz_ogre_vendor/lib:/opt/ros/humble/lib/x86_64-linux-gnu:/opt/ros/humble/lib:/usr/lib/x86_64-linux-gnu/gazebo-11/plugins /usr/bin/cmake --build /home/intzeme/turtlebot3_ws/build/turtlebot3_node -- -j20 -l20
[0.914s] [35m[1mConsolidate compiler generated dependencies of target turtlebot3_node_lib[0m
[1.010s] [ 85%] Built target turtlebot3_node_lib
[1.025s] [35m[1mConsolidate compiler generated dependencies of target turtlebot3_ros[0m
[1.039s] [ 92%] [32m[1mLinking CXX executable turtlebot3_ros[0m
[3.122s] [100%] Built target turtlebot3_ros
[3.131s] Invoked command in '/home/intzeme/turtlebot3_ws/build/turtlebot3_node' returned '0': CMAKE_PREFIX_PATH=/home/intzeme/turtlebot3_ws/install/turtlebot3_msgs:/home/intzeme/turtlebot3_ws/install/dynamixel_sdk:/home/intzeme/turtlebot3_ws/install/turtlebot3:/home/intzeme/turtlebot3_ws/install/turtlebot3_bringup:/home/intzeme/turtlebot3_ws/install/turtlebot3_node:/home/intzeme/turtlebot3_ws/install/turtlebot3_navigation2:/home/intzeme/turtlebot3_ws/install/turtlebot3_description:/home/intzeme/turtlebot3_ws/install/turtlebot3_cartographer:/home/intzeme/turtlebot3_ws/install/dynamixel_sdk_examples:/home/intzeme/turtlebot3_ws/install/dynamixel_sdk_custom_interfaces:/home/intzeme/turtlebot3_ws/install/turtlebot3_teleop:/home/intzeme/turtlebot3_ws/install/turtlebot3_example:/opt/ros/humble LD_LIBRARY_PATH=/home/intzeme/turtlebot3_ws/install/turtlebot3_msgs/lib:/home/intzeme/turtlebot3_ws/install/dynamixel_sdk/lib:/home/intzeme/turtlebot3_ws/install/dynamixel_sdk_custom_interfaces/lib:/usr/lib/x86_64-linux-gnu/gazebo-11/plugins:/opt/ros/humble/opt/rviz_ogre_vendor/lib:/opt/ros/humble/lib/x86_64-linux-gnu:/opt/ros/humble/lib:/usr/lib/x86_64-linux-gnu/gazebo-11/plugins /usr/bin/cmake --build /home/intzeme/turtlebot3_ws/build/turtlebot3_node -- -j20 -l20
[3.132s] Invoking command in '/home/intzeme/turtlebot3_ws/build/turtlebot3_node': CMAKE_PREFIX_PATH=/home/intzeme/turtlebot3_ws/install/turtlebot3_msgs:/home/intzeme/turtlebot3_ws/install/dynamixel_sdk:/home/intzeme/turtlebot3_ws/install/turtlebot3:/home/intzeme/turtlebot3_ws/install/turtlebot3_bringup:/home/intzeme/turtlebot3_ws/install/turtlebot3_node:/home/intzeme/turtlebot3_ws/install/turtlebot3_navigation2:/home/intzeme/turtlebot3_ws/install/turtlebot3_description:/home/intzeme/turtlebot3_ws/install/turtlebot3_cartographer:/home/intzeme/turtlebot3_ws/install/dynamixel_sdk_examples:/home/intzeme/turtlebot3_ws/install/dynamixel_sdk_custom_interfaces:/home/intzeme/turtlebot3_ws/install/turtlebot3_teleop:/home/intzeme/turtlebot3_ws/install/turtlebot3_example:/opt/ros/humble LD_LIBRARY_PATH=/home/intzeme/turtlebot3_ws/install/turtlebot3_msgs/lib:/home/intzeme/turtlebot3_ws/install/dynamixel_sdk/lib:/home/intzeme/turtlebot3_ws/install/dynamixel_sdk_custom_interfaces/lib:/usr/lib/x86_64-linux-gnu/gazebo-11/plugins:/opt/ros/humble/opt/rviz_ogre_vendor/lib:/opt/ros/humble/lib/x86_64-linux-gnu:/opt/ros/humble/lib:/usr/lib/x86_64-linux-gnu/gazebo-11/plugins /usr/bin/cmake --install /home/intzeme/turtlebot3_ws/build/turtlebot3_node
[3.140s] -- Install configuration: ""
[3.140s] -- Execute custom install script
[3.145s] -- Up-to-date symlink: /home/intzeme/turtlebot3_ws/install/turtlebot3_node/share/turtlebot3_node/param/burger.yaml
[3.146s] -- Up-to-date symlink: /home/intzeme/turtlebot3_ws/install/turtlebot3_node/share/turtlebot3_node/param/waffle.yaml
[3.148s] -- Up-to-date symlink: /home/intzeme/turtlebot3_ws/install/turtlebot3_node/share/turtlebot3_node/param/waffle_pi.yaml
[3.151s] -- Up-to-date symlink: /home/intzeme/turtlebot3_ws/install/turtlebot3_node/lib/turtlebot3_node/turtlebot3_ros
[3.151s] -- Up-to-date symlink: /home/intzeme/turtlebot3_ws/install/turtlebot3_node/share/ament_index/resource_index/package_run_dependencies/turtlebot3_node
[3.155s] -- Up-to-date symlink: /home/intzeme/turtlebot3_ws/install/turtlebot3_node/share/ament_index/resource_index/parent_prefix_path/turtlebot3_node
[3.157s] -- Up-to-date symlink: /home/intzeme/turtlebot3_ws/install/turtlebot3_node/share/turtlebot3_node/environment/ament_prefix_path.sh
[3.157s] -- Up-to-date symlink: /home/intzeme/turtlebot3_ws/install/turtlebot3_node/share/turtlebot3_node/environment/ament_prefix_path.dsv
[3.158s] -- Up-to-date symlink: /home/intzeme/turtlebot3_ws/install/turtlebot3_node/share/turtlebot3_node/environment/path.sh
[3.158s] -- Up-to-date symlink: /home/intzeme/turtlebot3_ws/install/turtlebot3_node/share/turtlebot3_node/environment/path.dsv
[3.160s] -- Up-to-date symlink: /home/intzeme/turtlebot3_ws/install/turtlebot3_node/share/turtlebot3_node/local_setup.bash
[3.161s] -- Up-to-date symlink: /home/intzeme/turtlebot3_ws/install/turtlebot3_node/share/turtlebot3_node/local_setup.sh
[3.163s] -- Up-to-date symlink: /home/intzeme/turtlebot3_ws/install/turtlebot3_node/share/turtlebot3_node/local_setup.zsh
[3.163s] -- Up-to-date symlink: /home/intzeme/turtlebot3_ws/install/turtlebot3_node/share/turtlebot3_node/local_setup.dsv
[3.163s] -- Symlinking: /home/intzeme/turtlebot3_ws/install/turtlebot3_node/share/turtlebot3_node/package.dsv
[3.172s] -- Up-to-date symlink: /home/intzeme/turtlebot3_ws/install/turtlebot3_node/share/ament_index/resource_index/packages/turtlebot3_node
[3.175s] -- Up-to-date symlink: /home/intzeme/turtlebot3_ws/install/turtlebot3_node/share/turtlebot3_node/cmake/ament_cmake_export_dependencies-extras.cmake
[3.178s] -- Up-to-date symlink: /home/intzeme/turtlebot3_ws/install/turtlebot3_node/share/turtlebot3_node/cmake/ament_cmake_export_include_directories-extras.cmake
[3.180s] -- Up-to-date symlink: /home/intzeme/turtlebot3_ws/install/turtlebot3_node/share/turtlebot3_node/cmake/turtlebot3_nodeConfig.cmake
[3.182s] -- Up-to-date symlink: /home/intzeme/turtlebot3_ws/install/turtlebot3_node/share/turtlebot3_node/cmake/turtlebot3_nodeConfig-version.cmake
[3.182s] -- Up-to-date symlink: /home/intzeme/turtlebot3_ws/install/turtlebot3_node/share/turtlebot3_node/package.xml
[3.184s] Invoked command in '/home/intzeme/turtlebot3_ws/build/turtlebot3_node' returned '0': CMAKE_PREFIX_PATH=/home/intzeme/turtlebot3_ws/install/turtlebot3_msgs:/home/intzeme/turtlebot3_ws/install/dynamixel_sdk:/home/intzeme/turtlebot3_ws/install/turtlebot3:/home/intzeme/turtlebot3_ws/install/turtlebot3_bringup:/home/intzeme/turtlebot3_ws/install/turtlebot3_node:/home/intzeme/turtlebot3_ws/install/turtlebot3_navigation2:/home/intzeme/turtlebot3_ws/install/turtlebot3_description:/home/intzeme/turtlebot3_ws/install/turtlebot3_cartographer:/home/intzeme/turtlebot3_ws/install/dynamixel_sdk_examples:/home/intzeme/turtlebot3_ws/install/dynamixel_sdk_custom_interfaces:/home/intzeme/turtlebot3_ws/install/turtlebot3_teleop:/home/intzeme/turtlebot3_ws/install/turtlebot3_example:/opt/ros/humble LD_LIBRARY_PATH=/home/intzeme/turtlebot3_ws/install/turtlebot3_msgs/lib:/home/intzeme/turtlebot3_ws/install/dynamixel_sdk/lib:/home/intzeme/turtlebot3_ws/install/dynamixel_sdk_custom_interfaces/lib:/usr/lib/x86_64-linux-gnu/gazebo-11/plugins:/opt/ros/humble/opt/rviz_ogre_vendor/lib:/opt/ros/humble/lib/x86_64-linux-gnu:/opt/ros/humble/lib:/usr/lib/x86_64-linux-gnu/gazebo-11/plugins /usr/bin/cmake --install /home/intzeme/turtlebot3_ws/build/turtlebot3_node
